[1.924s] Invoking command in '/home/nvidia/Desktop/Serial_ros2_ws/src/serial_light_py': PYTHONPATH=/home/nvidia/Desktop/Serial_ros2_ws/install/serial_light_py/lib/python3.6/site-packages:${PYTHONPATH} /usr/bin/python3 setup.py egg_info --egg-base ../../build/serial_light_py build --build-base /home/nvidia/Desktop/Serial_ros2_ws/build/serial_light_py/build install --prefix /home/nvidia/Desktop/Serial_ros2_ws/install/serial_light_py --record /home/nvidia/Desktop/Serial_ros2_ws/build/serial_light_py/install.log --single-version-externally-managed
[3.636s] running egg_info
[3.640s] writing ../../build/serial_light_py/serial_light_py.egg-info/PKG-INFO
[3.641s] writing dependency_links to ../../build/serial_light_py/serial_light_py.egg-info/dependency_links.txt
[3.642s] writing entry points to ../../build/serial_light_py/serial_light_py.egg-info/entry_points.txt
[3.643s] writing requirements to ../../build/serial_light_py/serial_light_py.egg-info/requires.txt
[3.644s] writing top-level names to ../../build/serial_light_py/serial_light_py.egg-info/top_level.txt
[3.806s] reading manifest file '../../build/serial_light_py/serial_light_py.egg-info/SOURCES.txt'
[3.813s] writing manifest file '../../build/serial_light_py/serial_light_py.egg-info/SOURCES.txt'
[3.814s] running build
[3.814s] running build_py
[3.815s] copying serial_light_py/py_pub_data.py -> /home/nvidia/Desktop/Serial_ros2_ws/build/serial_light_py/build/lib/serial_light_py
[3.816s] copying serial_light_py/py_sub_data.py -> /home/nvidia/Desktop/Serial_ros2_ws/build/serial_light_py/build/lib/serial_light_py
[3.818s] running install
[3.820s] running install_lib
[3.825s] copying /home/nvidia/Desktop/Serial_ros2_ws/build/serial_light_py/build/lib/serial_light_py/py_pub_data.py -> /home/nvidia/Desktop/Serial_ros2_ws/install/serial_light_py/lib/python3.6/site-packages/serial_light_py
[3.826s] copying /home/nvidia/Desktop/Serial_ros2_ws/build/serial_light_py/build/lib/serial_light_py/py_sub_data.py -> /home/nvidia/Desktop/Serial_ros2_ws/install/serial_light_py/lib/python3.6/site-packages/serial_light_py
[3.830s] byte-compiling /home/nvidia/Desktop/Serial_ros2_ws/install/serial_light_py/lib/python3.6/site-packages/serial_light_py/py_pub_data.py to py_pub_data.cpython-36.pyc
[3.833s] byte-compiling /home/nvidia/Desktop/Serial_ros2_ws/install/serial_light_py/lib/python3.6/site-packages/serial_light_py/py_sub_data.py to py_sub_data.cpython-36.pyc
[3.836s] running install_data
[3.839s] running install_egg_info
[3.848s] removing '/home/nvidia/Desktop/Serial_ros2_ws/install/serial_light_py/lib/python3.6/site-packages/serial_light_py-0.0.0-py3.6.egg-info' (and everything under it)
[3.850s] Copying ../../build/serial_light_py/serial_light_py.egg-info to /home/nvidia/Desktop/Serial_ros2_ws/install/serial_light_py/lib/python3.6/site-packages/serial_light_py-0.0.0-py3.6.egg-info
[3.857s] running install_scripts
[3.941s] Installing py_pub_data script to /home/nvidia/Desktop/Serial_ros2_ws/install/serial_light_py/lib/serial_light_py
[3.941s] Installing py_sub_data script to /home/nvidia/Desktop/Serial_ros2_ws/install/serial_light_py/lib/serial_light_py
[3.943s] writing list of installed files to '/home/nvidia/Desktop/Serial_ros2_ws/build/serial_light_py/install.log'
[4.052s] Invoked command in '/home/nvidia/Desktop/Serial_ros2_ws/src/serial_light_py' returned '0': PYTHONPATH=/home/nvidia/Desktop/Serial_ros2_ws/install/serial_light_py/lib/python3.6/site-packages:${PYTHONPATH} /usr/bin/python3 setup.py egg_info --egg-base ../../build/serial_light_py build --build-base /home/nvidia/Desktop/Serial_ros2_ws/build/serial_light_py/build install --prefix /home/nvidia/Desktop/Serial_ros2_ws/install/serial_light_py --record /home/nvidia/Desktop/Serial_ros2_ws/build/serial_light_py/install.log --single-version-externally-managed
