[2.585s] Invoking command in '/home/nvidia/Desktop/Serial_ros2_ws/src/serial_light_py': PYTHONPATH=/home/nvidia/Desktop/Serial_ros2_ws/install/serial_light_py/lib/python3.6/site-packages:${PYTHONPATH} /usr/bin/python3 setup.py egg_info --egg-base ../../build/serial_light_py build --build-base /home/nvidia/Desktop/Serial_ros2_ws/build/serial_light_py/build install --prefix /home/nvidia/Desktop/Serial_ros2_ws/install/serial_light_py --record /home/nvidia/Desktop/Serial_ros2_ws/build/serial_light_py/install.log --single-version-externally-managed
[4.854s] running egg_info
[4.862s] writing ../../build/serial_light_py/serial_light_py.egg-info/PKG-INFO
[4.865s] writing dependency_links to ../../build/serial_light_py/serial_light_py.egg-info/dependency_links.txt
[4.867s] writing entry points to ../../build/serial_light_py/serial_light_py.egg-info/entry_points.txt
[4.868s] writing requirements to ../../build/serial_light_py/serial_light_py.egg-info/requires.txt
[4.869s] writing top-level names to ../../build/serial_light_py/serial_light_py.egg-info/top_level.txt
[5.285s] reading manifest file '../../build/serial_light_py/serial_light_py.egg-info/SOURCES.txt'
[5.296s] writing manifest file '../../build/serial_light_py/serial_light_py.egg-info/SOURCES.txt'
[5.298s] running build
[5.300s] running build_py
[5.301s] copying serial_light_py/py_sub_data.py -> /home/nvidia/Desktop/Serial_ros2_ws/build/serial_light_py/build/lib/serial_light_py
[5.302s] running install
[5.303s] running install_lib
[5.310s] copying /home/nvidia/Desktop/Serial_ros2_ws/build/serial_light_py/build/lib/serial_light_py/py_sub_data.py -> /home/nvidia/Desktop/Serial_ros2_ws/install/serial_light_py/lib/python3.6/site-packages/serial_light_py
[5.319s] byte-compiling /home/nvidia/Desktop/Serial_ros2_ws/install/serial_light_py/lib/python3.6/site-packages/serial_light_py/py_sub_data.py to py_sub_data.cpython-36.pyc
[5.322s] running install_data
[5.329s] running install_egg_info
[5.342s] removing '/home/nvidia/Desktop/Serial_ros2_ws/install/serial_light_py/lib/python3.6/site-packages/serial_light_py-0.0.0-py3.6.egg-info' (and everything under it)
[5.348s] Copying ../../build/serial_light_py/serial_light_py.egg-info to /home/nvidia/Desktop/Serial_ros2_ws/install/serial_light_py/lib/python3.6/site-packages/serial_light_py-0.0.0-py3.6.egg-info
[5.356s] running install_scripts
[5.477s] Installing py_pub_data script to /home/nvidia/Desktop/Serial_ros2_ws/install/serial_light_py/lib/serial_light_py
[5.480s] Installing py_sub_data script to /home/nvidia/Desktop/Serial_ros2_ws/install/serial_light_py/lib/serial_light_py
[5.481s] writing list of installed files to '/home/nvidia/Desktop/Serial_ros2_ws/build/serial_light_py/install.log'
[5.605s] Invoked command in '/home/nvidia/Desktop/Serial_ros2_ws/src/serial_light_py' returned '0': PYTHONPATH=/home/nvidia/Desktop/Serial_ros2_ws/install/serial_light_py/lib/python3.6/site-packages:${PYTHONPATH} /usr/bin/python3 setup.py egg_info --egg-base ../../build/serial_light_py build --build-base /home/nvidia/Desktop/Serial_ros2_ws/build/serial_light_py/build install --prefix /home/nvidia/Desktop/Serial_ros2_ws/install/serial_light_py --record /home/nvidia/Desktop/Serial_ros2_ws/build/serial_light_py/install.log --single-version-externally-managed
