[2.128s] DEBUG:colcon:Command line arguments: ['/usr/bin/colcon', 'build']
[2.129s] DEBUG:colcon:Parsed command line arguments: Namespace(ament_cmake_args=None, base_paths=['.'], build_base='build', catkin_cmake_args=None, catkin_skip_building_tests=False, cmake_args=None, cmake_clean_cache=False, cmake_clean_first=False, cmake_force_configure=False, cmake_target=None, cmake_target_skip_unavailable=False, continue_on_error=False, event_handlers=None, executor='parallel', ignore_user_meta=False, install_base='install', log_base=None, log_level=None, main=<bound method BuildVerb.main of <colcon_core.verb.build.BuildVerb object at 0x7f9b397320>>, merge_install=False, metas=['./colcon.meta'], packages_above=None, packages_above_and_dependencies=None, packages_above_depth=None, packages_end=None, packages_ignore=None, packages_ignore_regex=None, packages_select=None, packages_select_build_failed=False, packages_select_by_dep=None, packages_select_regex=None, packages_select_test_failures=False, packages_skip=None, packages_skip_build_finished=False, packages_skip_by_dep=None, packages_skip_regex=None, packages_skip_test_passed=False, packages_skip_up_to=None, packages_start=None, packages_up_to=None, packages_up_to_regex=None, parallel_workers=6, paths=None, symlink_install=False, test_result_base=None, verb_extension=<colcon_core.verb.build.BuildVerb object at 0x7f9b397320>, verb_name='build', verb_parser=<colcon_defaults.argument_parser.defaults.DefaultArgumentsDecorator object at 0x7f9b397668>)
[2.165s] Level 1:colcon.colcon_core.package_discovery:discover_packages(colcon_meta) check parameters
[2.166s] Level 1:colcon.colcon_core.package_discovery:discover_packages(recursive) check parameters
[2.166s] Level 1:colcon.colcon_core.package_discovery:discover_packages(ignore) check parameters
[2.166s] Level 1:colcon.colcon_core.package_discovery:discover_packages(path) check parameters
[2.167s] Level 1:colcon.colcon_core.package_discovery:discover_packages(colcon_meta) discover
[2.169s] Level 1:colcon.colcon_core.package_discovery:discover_packages(recursive) discover
[2.169s] INFO:colcon.colcon_core.package_discovery:Crawling recursively for packages in '/home/nvidia/Desktop/Serial_ros2_ws'
[2.170s] Level 1:colcon.colcon_core.package_identification:_identify(.) by extensions ['ignore', 'ignore_ament_install']
[2.170s] Level 1:colcon.colcon_core.package_identification:_identify(.) by extension 'ignore'
[2.170s] Level 1:colcon.colcon_core.package_identification:_identify(.) by extension 'ignore_ament_install'
[2.171s] Level 1:colcon.colcon_core.package_identification:_identify(.) by extensions ['colcon_pkg']
[2.171s] Level 1:colcon.colcon_core.package_identification:_identify(.) by extension 'colcon_pkg'
[2.171s] Level 1:colcon.colcon_core.package_identification:_identify(.) by extensions ['colcon_meta']
[2.172s] Level 1:colcon.colcon_core.package_identification:_identify(.) by extension 'colcon_meta'
[2.172s] Level 1:colcon.colcon_core.package_identification:_identify(.) by extensions ['ros']
[2.172s] Level 1:colcon.colcon_core.package_identification:_identify(.) by extension 'ros'
[2.240s] Level 1:colcon.colcon_core.package_identification:_identify(.) by extensions ['cmake', 'python']
[2.240s] Level 1:colcon.colcon_core.package_identification:_identify(.) by extension 'cmake'
[2.240s] Level 1:colcon.colcon_core.package_identification:_identify(.) by extension 'python'
[2.241s] Level 1:colcon.colcon_core.package_identification:_identify(.) by extensions ['python_setup_py']
[2.241s] Level 1:colcon.colcon_core.package_identification:_identify(.) by extension 'python_setup_py'
[2.241s] Level 1:colcon.colcon_core.package_identification:_identify(Serial_python) by extensions ['ignore', 'ignore_ament_install']
[2.242s] Level 1:colcon.colcon_core.package_identification:_identify(Serial_python) by extension 'ignore'
[2.242s] Level 1:colcon.colcon_core.package_identification:_identify(Serial_python) by extension 'ignore_ament_install'
[2.243s] Level 1:colcon.colcon_core.package_identification:_identify(Serial_python) by extensions ['colcon_pkg']
[2.243s] Level 1:colcon.colcon_core.package_identification:_identify(Serial_python) by extension 'colcon_pkg'
[2.243s] Level 1:colcon.colcon_core.package_identification:_identify(Serial_python) by extensions ['colcon_meta']
[2.243s] Level 1:colcon.colcon_core.package_identification:_identify(Serial_python) by extension 'colcon_meta'
[2.244s] Level 1:colcon.colcon_core.package_identification:_identify(Serial_python) by extensions ['ros']
[2.244s] Level 1:colcon.colcon_core.package_identification:_identify(Serial_python) by extension 'ros'
[2.244s] Level 1:colcon.colcon_core.package_identification:_identify(Serial_python) by extensions ['cmake', 'python']
[2.244s] Level 1:colcon.colcon_core.package_identification:_identify(Serial_python) by extension 'cmake'
[2.245s] Level 1:colcon.colcon_core.package_identification:_identify(Serial_python) by extension 'python'
[2.245s] Level 1:colcon.colcon_core.package_identification:_identify(Serial_python) by extensions ['python_setup_py']
[2.245s] Level 1:colcon.colcon_core.package_identification:_identify(Serial_python) by extension 'python_setup_py'
[2.246s] Level 1:colcon.colcon_core.package_identification:_identify(Serial_python/serial_sketch) by extensions ['ignore', 'ignore_ament_install']
[2.246s] Level 1:colcon.colcon_core.package_identification:_identify(Serial_python/serial_sketch) by extension 'ignore'
[2.247s] Level 1:colcon.colcon_core.package_identification:_identify(Serial_python/serial_sketch) by extension 'ignore_ament_install'
[2.247s] Level 1:colcon.colcon_core.package_identification:_identify(Serial_python/serial_sketch) by extensions ['colcon_pkg']
[2.247s] Level 1:colcon.colcon_core.package_identification:_identify(Serial_python/serial_sketch) by extension 'colcon_pkg'
[2.248s] Level 1:colcon.colcon_core.package_identification:_identify(Serial_python/serial_sketch) by extensions ['colcon_meta']
[2.248s] Level 1:colcon.colcon_core.package_identification:_identify(Serial_python/serial_sketch) by extension 'colcon_meta'
[2.248s] Level 1:colcon.colcon_core.package_identification:_identify(Serial_python/serial_sketch) by extensions ['ros']
[2.248s] Level 1:colcon.colcon_core.package_identification:_identify(Serial_python/serial_sketch) by extension 'ros'
[2.249s] Level 1:colcon.colcon_core.package_identification:_identify(Serial_python/serial_sketch) by extensions ['cmake', 'python']
[2.249s] Level 1:colcon.colcon_core.package_identification:_identify(Serial_python/serial_sketch) by extension 'cmake'
[2.249s] Level 1:colcon.colcon_core.package_identification:_identify(Serial_python/serial_sketch) by extension 'python'
[2.249s] Level 1:colcon.colcon_core.package_identification:_identify(Serial_python/serial_sketch) by extensions ['python_setup_py']
[2.250s] Level 1:colcon.colcon_core.package_identification:_identify(Serial_python/serial_sketch) by extension 'python_setup_py'
[2.250s] Level 1:colcon.colcon_core.package_identification:_identify(build) by extensions ['ignore', 'ignore_ament_install']
[2.251s] Level 1:colcon.colcon_core.package_identification:_identify(build) by extension 'ignore'
[2.252s] Level 1:colcon.colcon_core.package_identification:_identify(build) ignored
[2.254s] Level 1:colcon.colcon_core.package_identification:_identify(install) by extensions ['ignore', 'ignore_ament_install']
[2.255s] Level 1:colcon.colcon_core.package_identification:_identify(install) by extension 'ignore'
[2.255s] Level 1:colcon.colcon_core.package_identification:_identify(install) ignored
[2.256s] Level 1:colcon.colcon_core.package_identification:_identify(log) by extensions ['ignore', 'ignore_ament_install']
[2.257s] Level 1:colcon.colcon_core.package_identification:_identify(log) by extension 'ignore'
[2.258s] Level 1:colcon.colcon_core.package_identification:_identify(log) ignored
[2.258s] Level 1:colcon.colcon_core.package_identification:_identify(src) by extensions ['ignore', 'ignore_ament_install']
[2.259s] Level 1:colcon.colcon_core.package_identification:_identify(src) by extension 'ignore'
[2.259s] Level 1:colcon.colcon_core.package_identification:_identify(src) by extension 'ignore_ament_install'
[2.259s] Level 1:colcon.colcon_core.package_identification:_identify(src) by extensions ['colcon_pkg']
[2.259s] Level 1:colcon.colcon_core.package_identification:_identify(src) by extension 'colcon_pkg'
[2.260s] Level 1:colcon.colcon_core.package_identification:_identify(src) by extensions ['colcon_meta']
[2.260s] Level 1:colcon.colcon_core.package_identification:_identify(src) by extension 'colcon_meta'
[2.260s] Level 1:colcon.colcon_core.package_identification:_identify(src) by extensions ['ros']
[2.260s] Level 1:colcon.colcon_core.package_identification:_identify(src) by extension 'ros'
[2.261s] Level 1:colcon.colcon_core.package_identification:_identify(src) by extensions ['cmake', 'python']
[2.261s] Level 1:colcon.colcon_core.package_identification:_identify(src) by extension 'cmake'
[2.261s] Level 1:colcon.colcon_core.package_identification:_identify(src) by extension 'python'
[2.262s] Level 1:colcon.colcon_core.package_identification:_identify(src) by extensions ['python_setup_py']
[2.262s] Level 1:colcon.colcon_core.package_identification:_identify(src) by extension 'python_setup_py'
[2.263s] Level 1:colcon.colcon_core.package_identification:_identify(src/serial_light_py) by extensions ['ignore', 'ignore_ament_install']
[2.263s] Level 1:colcon.colcon_core.package_identification:_identify(src/serial_light_py) by extension 'ignore'
[2.264s] Level 1:colcon.colcon_core.package_identification:_identify(src/serial_light_py) by extension 'ignore_ament_install'
[2.264s] Level 1:colcon.colcon_core.package_identification:_identify(src/serial_light_py) by extensions ['colcon_pkg']
[2.264s] Level 1:colcon.colcon_core.package_identification:_identify(src/serial_light_py) by extension 'colcon_pkg'
[2.265s] Level 1:colcon.colcon_core.package_identification:_identify(src/serial_light_py) by extensions ['colcon_meta']
[2.265s] Level 1:colcon.colcon_core.package_identification:_identify(src/serial_light_py) by extension 'colcon_meta'
[2.265s] Level 1:colcon.colcon_core.package_identification:_identify(src/serial_light_py) by extensions ['ros']
[2.266s] Level 1:colcon.colcon_core.package_identification:_identify(src/serial_light_py) by extension 'ros'
[2.320s] DEBUG:colcon.colcon_core.package_identification:Package 'src/serial_light_py' with type 'ros.ament_python' and name 'serial_light_py'
[2.320s] Level 1:colcon.colcon_core.package_discovery:discover_packages(recursive) using defaults
[2.321s] Level 1:colcon.colcon_core.package_discovery:discover_packages(ignore) discover
[2.321s] Level 1:colcon.colcon_core.package_discovery:discover_packages(ignore) using defaults
[2.321s] Level 1:colcon.colcon_core.package_discovery:discover_packages(path) discover
[2.321s] Level 1:colcon.colcon_core.package_discovery:discover_packages(path) using defaults
[2.417s] Level 5:colcon.colcon_core.verb:set package 'serial_light_py' build argument 'cmake_args' from command line to 'None'
[2.418s] Level 5:colcon.colcon_core.verb:set package 'serial_light_py' build argument 'cmake_target' from command line to 'None'
[2.418s] Level 5:colcon.colcon_core.verb:set package 'serial_light_py' build argument 'cmake_target_skip_unavailable' from command line to 'False'
[2.418s] Level 5:colcon.colcon_core.verb:set package 'serial_light_py' build argument 'cmake_clean_cache' from command line to 'False'
[2.418s] Level 5:colcon.colcon_core.verb:set package 'serial_light_py' build argument 'cmake_clean_first' from command line to 'False'
[2.419s] Level 5:colcon.colcon_core.verb:set package 'serial_light_py' build argument 'cmake_force_configure' from command line to 'False'
[2.419s] Level 5:colcon.colcon_core.verb:set package 'serial_light_py' build argument 'ament_cmake_args' from command line to 'None'
[2.419s] Level 5:colcon.colcon_core.verb:set package 'serial_light_py' build argument 'catkin_cmake_args' from command line to 'None'
[2.419s] Level 5:colcon.colcon_core.verb:set package 'serial_light_py' build argument 'catkin_skip_building_tests' from command line to 'False'
[2.420s] DEBUG:colcon.colcon_core.verb:Building package 'serial_light_py' with the following arguments: {'ament_cmake_args': None, 'build_base': '/home/nvidia/Desktop/Serial_ros2_ws/build/serial_light_py', 'catkin_cmake_args': None, 'catkin_skip_building_tests': False, 'cmake_args': None, 'cmake_clean_cache': False, 'cmake_clean_first': False, 'cmake_force_configure': False, 'cmake_target': None, 'cmake_target_skip_unavailable': False, 'install_base': '/home/nvidia/Desktop/Serial_ros2_ws/install/serial_light_py', 'merge_install': False, 'path': '/home/nvidia/Desktop/Serial_ros2_ws/src/serial_light_py', 'symlink_install': False, 'test_result_base': None}
[2.422s] INFO:colcon.colcon_core.executor:Executing jobs using 'parallel' executor
[2.432s] DEBUG:colcon.colcon_parallel_executor.executor.parallel:run_until_complete
[2.433s] INFO:colcon.colcon_ros.task.ament_python.build:Building ROS package in '/home/nvidia/Desktop/Serial_ros2_ws/src/serial_light_py' with build type 'ament_python'
[2.434s] Level 1:colcon.colcon_core.shell:create_environment_hook('serial_light_py', 'ament_prefix_path')
[2.457s] INFO:colcon.colcon_core.plugin_system:Skipping extension 'colcon_core.shell.bat': Not used on non-Windows systems
[2.459s] INFO:colcon.colcon_core.shell:Creating environment hook '/home/nvidia/Desktop/Serial_ros2_ws/install/serial_light_py/share/serial_light_py/hook/ament_prefix_path.ps1'
[2.462s] INFO:colcon.colcon_core.shell:Creating environment descriptor '/home/nvidia/Desktop/Serial_ros2_ws/install/serial_light_py/share/serial_light_py/hook/ament_prefix_path.dsv'
[2.464s] INFO:colcon.colcon_core.shell:Creating environment hook '/home/nvidia/Desktop/Serial_ros2_ws/install/serial_light_py/share/serial_light_py/hook/ament_prefix_path.sh'
[2.470s] INFO:colcon.colcon_core.shell:Skip shell extension 'powershell' for command environment: Not usable outside of PowerShell
[2.471s] DEBUG:colcon.colcon_core.shell:Skip shell extension 'dsv' for command environment
[2.491s] DEBUG:colcon.colcon_core.shell:Ignoring prefix path '/opt/ros/eloquent'
[4.244s] INFO:colcon.colcon_core.task.python.build:Building Python package in '/home/nvidia/Desktop/Serial_ros2_ws/src/serial_light_py'
[4.250s] INFO:colcon.colcon_core.shell:Skip shell extension 'powershell' for command environment: Not usable outside of PowerShell
[4.250s] DEBUG:colcon.colcon_core.shell:Skip shell extension 'dsv' for command environment
[4.262s] DEBUG:colcon.colcon_core.shell:Ignoring prefix path '/opt/ros/eloquent'
[4.299s] DEBUG:colcon.colcon_core.event_handler.log_command:Invoking command in '/home/nvidia/Desktop/Serial_ros2_ws/src/serial_light_py': PYTHONPATH=/home/nvidia/Desktop/Serial_ros2_ws/install/serial_light_py/lib/python3.6/site-packages:${PYTHONPATH} /usr/bin/python3 setup.py egg_info --egg-base ../../build/serial_light_py build --build-base /home/nvidia/Desktop/Serial_ros2_ws/build/serial_light_py/build install --prefix /home/nvidia/Desktop/Serial_ros2_ws/install/serial_light_py --record /home/nvidia/Desktop/Serial_ros2_ws/build/serial_light_py/install.log --single-version-externally-managed
[6.432s] DEBUG:colcon.colcon_core.event_handler.log_command:Invoked command in '/home/nvidia/Desktop/Serial_ros2_ws/src/serial_light_py' returned '0': PYTHONPATH=/home/nvidia/Desktop/Serial_ros2_ws/install/serial_light_py/lib/python3.6/site-packages:${PYTHONPATH} /usr/bin/python3 setup.py egg_info --egg-base ../../build/serial_light_py build --build-base /home/nvidia/Desktop/Serial_ros2_ws/build/serial_light_py/build install --prefix /home/nvidia/Desktop/Serial_ros2_ws/install/serial_light_py --record /home/nvidia/Desktop/Serial_ros2_ws/build/serial_light_py/install.log --single-version-externally-managed
[6.445s] Level 1:colcon.colcon_core.environment:checking '/home/nvidia/Desktop/Serial_ros2_ws/install/serial_light_py' for CMake module files
[6.447s] Level 1:colcon.colcon_core.environment:checking '/home/nvidia/Desktop/Serial_ros2_ws/install/serial_light_py' for CMake config files
[6.451s] Level 1:colcon.colcon_core.environment:checking '/home/nvidia/Desktop/Serial_ros2_ws/install/serial_light_py/lib'
[6.451s] Level 1:colcon.colcon_core.environment:checking '/home/nvidia/Desktop/Serial_ros2_ws/install/serial_light_py/bin'
[6.452s] Level 1:colcon.colcon_core.environment:checking '/home/nvidia/Desktop/Serial_ros2_ws/install/serial_light_py/lib/pkgconfig/serial_light_py.pc'
[6.452s] Level 1:colcon.colcon_core.environment:checking '/home/nvidia/Desktop/Serial_ros2_ws/install/serial_light_py/lib/python3.6/site-packages'
[6.452s] Level 1:colcon.colcon_core.shell:create_environment_hook('serial_light_py', 'pythonpath')
[6.455s] INFO:colcon.colcon_core.shell:Creating environment hook '/home/nvidia/Desktop/Serial_ros2_ws/install/serial_light_py/share/serial_light_py/hook/pythonpath.ps1'
[6.457s] INFO:colcon.colcon_core.shell:Creating environment descriptor '/home/nvidia/Desktop/Serial_ros2_ws/install/serial_light_py/share/serial_light_py/hook/pythonpath.dsv'
[6.458s] INFO:colcon.colcon_core.shell:Creating environment hook '/home/nvidia/Desktop/Serial_ros2_ws/install/serial_light_py/share/serial_light_py/hook/pythonpath.sh'
[6.459s] Level 1:colcon.colcon_core.environment:create_environment_scripts_only(serial_light_py)
[6.463s] INFO:colcon.colcon_core.shell:Creating package script '/home/nvidia/Desktop/Serial_ros2_ws/install/serial_light_py/share/serial_light_py/package.ps1'
[6.470s] INFO:colcon.colcon_core.shell:Creating package descriptor '/home/nvidia/Desktop/Serial_ros2_ws/install/serial_light_py/share/serial_light_py/package.dsv'
[6.473s] INFO:colcon.colcon_core.shell:Creating package script '/home/nvidia/Desktop/Serial_ros2_ws/install/serial_light_py/share/serial_light_py/package.sh'
[6.477s] INFO:colcon.colcon_core.shell:Creating package script '/home/nvidia/Desktop/Serial_ros2_ws/install/serial_light_py/share/serial_light_py/package.bash'
[6.481s] INFO:colcon.colcon_core.shell:Creating package script '/home/nvidia/Desktop/Serial_ros2_ws/install/serial_light_py/share/serial_light_py/package.zsh'
[6.485s] Level 1:colcon.colcon_core.environment:create_file_with_runtime_dependencies(/home/nvidia/Desktop/Serial_ros2_ws/install/serial_light_py/share/colcon-core/packages/serial_light_py)
[6.486s] DEBUG:colcon.colcon_parallel_executor.executor.parallel:closing loop
[6.488s] DEBUG:colcon.colcon_parallel_executor.executor.parallel:loop closed
[6.489s] DEBUG:colcon.colcon_parallel_executor.executor.parallel:run_until_complete finished with '0'
[6.489s] DEBUG:colcon.colcon_core.event_reactor:joining thread
[6.537s] INFO:colcon.colcon_core.plugin_system:Skipping extension 'colcon_notification.desktop_notification.terminal_notifier': Not used on non-Darwin systems
[6.538s] INFO:colcon.colcon_core.plugin_system:Skipping extension 'colcon_notification.desktop_notification.win32': Not used on non-Windows systems
[6.538s] INFO:colcon.colcon_notification.desktop_notification:Sending desktop notification using 'notify2'
[6.829s] DEBUG:colcon.colcon_core.event_reactor:joined thread
[6.833s] INFO:colcon.colcon_core.shell:Creating prefix script '/home/nvidia/Desktop/Serial_ros2_ws/install/local_setup.ps1'
[6.838s] INFO:colcon.colcon_core.shell:Creating prefix util module '/home/nvidia/Desktop/Serial_ros2_ws/install/_local_setup_util_ps1.py'
[6.845s] INFO:colcon.colcon_core.shell:Creating prefix chain script '/home/nvidia/Desktop/Serial_ros2_ws/install/setup.ps1'
[6.864s] INFO:colcon.colcon_core.shell:Creating prefix script '/home/nvidia/Desktop/Serial_ros2_ws/install/local_setup.sh'
[6.867s] INFO:colcon.colcon_core.shell:Creating prefix util module '/home/nvidia/Desktop/Serial_ros2_ws/install/_local_setup_util_sh.py'
[6.870s] INFO:colcon.colcon_core.shell:Creating prefix chain script '/home/nvidia/Desktop/Serial_ros2_ws/install/setup.sh'
[6.886s] INFO:colcon.colcon_core.shell:Creating prefix script '/home/nvidia/Desktop/Serial_ros2_ws/install/local_setup.bash'
[6.889s] INFO:colcon.colcon_core.shell:Creating prefix chain script '/home/nvidia/Desktop/Serial_ros2_ws/install/setup.bash'
[6.905s] INFO:colcon.colcon_core.shell:Creating prefix script '/home/nvidia/Desktop/Serial_ros2_ws/install/local_setup.zsh'
[6.908s] INFO:colcon.colcon_core.shell:Creating prefix chain script '/home/nvidia/Desktop/Serial_ros2_ws/install/setup.zsh'
