[2.736s] Invoking command in '/home/nvidia/Desktop/Serial_ros2_ws/src/serial_light_py': PYTHONPATH=/home/nvidia/Desktop/Serial_ros2_ws/install/serial_light_py/lib/python3.6/site-packages:${PYTHONPATH} /usr/bin/python3 setup.py egg_info --egg-base ../../build/serial_light_py build --build-base /home/nvidia/Desktop/Serial_ros2_ws/build/serial_light_py/build install --prefix /home/nvidia/Desktop/Serial_ros2_ws/install/serial_light_py --record /home/nvidia/Desktop/Serial_ros2_ws/build/serial_light_py/install.log --single-version-externally-managed
[5.280s] running egg_info
[5.287s] writing ../../build/serial_light_py/serial_light_py.egg-info/PKG-INFO
[5.289s] writing dependency_links to ../../build/serial_light_py/serial_light_py.egg-info/dependency_links.txt
[5.291s] writing entry points to ../../build/serial_light_py/serial_light_py.egg-info/entry_points.txt
[5.292s] writing requirements to ../../build/serial_light_py/serial_light_py.egg-info/requires.txt
[5.293s] writing top-level names to ../../build/serial_light_py/serial_light_py.egg-info/top_level.txt
[5.688s] reading manifest file '../../build/serial_light_py/serial_light_py.egg-info/SOURCES.txt'
[5.698s] writing manifest file '../../build/serial_light_py/serial_light_py.egg-info/SOURCES.txt'
[5.698s] running build
[5.699s] running build_py
[5.700s] copying serial_light_py/py_sub_data.py -> /home/nvidia/Desktop/Serial_ros2_ws/build/serial_light_py/build/lib/serial_light_py
[5.701s] running install
[5.704s] running install_lib
[5.710s] copying /home/nvidia/Desktop/Serial_ros2_ws/build/serial_light_py/build/lib/serial_light_py/py_sub_data.py -> /home/nvidia/Desktop/Serial_ros2_ws/install/serial_light_py/lib/python3.6/site-packages/serial_light_py
[5.716s] byte-compiling /home/nvidia/Desktop/Serial_ros2_ws/install/serial_light_py/lib/python3.6/site-packages/serial_light_py/py_sub_data.py to py_sub_data.cpython-36.pyc
[5.719s] running install_data
[5.722s] running install_egg_info
[5.735s] removing '/home/nvidia/Desktop/Serial_ros2_ws/install/serial_light_py/lib/python3.6/site-packages/serial_light_py-0.0.0-py3.6.egg-info' (and everything under it)
[5.737s] Copying ../../build/serial_light_py/serial_light_py.egg-info to /home/nvidia/Desktop/Serial_ros2_ws/install/serial_light_py/lib/python3.6/site-packages/serial_light_py-0.0.0-py3.6.egg-info
[5.744s] running install_scripts
[5.857s] Installing py_pub_data script to /home/nvidia/Desktop/Serial_ros2_ws/install/serial_light_py/lib/serial_light_py
[5.858s] Installing py_sub_data script to /home/nvidia/Desktop/Serial_ros2_ws/install/serial_light_py/lib/serial_light_py
[5.860s] writing list of installed files to '/home/nvidia/Desktop/Serial_ros2_ws/build/serial_light_py/install.log'
[5.973s] Invoked command in '/home/nvidia/Desktop/Serial_ros2_ws/src/serial_light_py' returned '0': PYTHONPATH=/home/nvidia/Desktop/Serial_ros2_ws/install/serial_light_py/lib/python3.6/site-packages:${PYTHONPATH} /usr/bin/python3 setup.py egg_info --egg-base ../../build/serial_light_py build --build-base /home/nvidia/Desktop/Serial_ros2_ws/build/serial_light_py/build install --prefix /home/nvidia/Desktop/Serial_ros2_ws/install/serial_light_py --record /home/nvidia/Desktop/Serial_ros2_ws/build/serial_light_py/install.log --single-version-externally-managed
