[4.110s] DEBUG:colcon:Command line arguments: ['/usr/bin/colcon', 'build']
[4.111s] DEBUG:colcon:Parsed command line arguments: Namespace(ament_cmake_args=None, base_paths=['.'], build_base='build', catkin_cmake_args=None, catkin_skip_building_tests=False, cmake_args=None, cmake_clean_cache=False, cmake_clean_first=False, cmake_force_configure=False, cmake_target=None, cmake_target_skip_unavailable=False, continue_on_error=False, event_handlers=None, executor='parallel', ignore_user_meta=False, install_base='install', log_base=None, log_level=None, main=<bound method BuildVerb.main of <colcon_core.verb.build.BuildVerb object at 0x7f8fb5a358>>, merge_install=False, metas=['./colcon.meta'], packages_above=None, packages_above_and_dependencies=None, packages_above_depth=None, packages_end=None, packages_ignore=None, packages_ignore_regex=None, packages_select=None, packages_select_build_failed=False, packages_select_by_dep=None, packages_select_regex=None, packages_select_test_failures=False, packages_skip=None, packages_skip_build_finished=False, packages_skip_by_dep=None, packages_skip_regex=None, packages_skip_test_passed=False, packages_skip_up_to=None, packages_start=None, packages_up_to=None, packages_up_to_regex=None, parallel_workers=6, paths=None, symlink_install=False, test_result_base=None, verb_extension=<colcon_core.verb.build.BuildVerb object at 0x7f8fb5a358>, verb_name='build', verb_parser=<colcon_defaults.argument_parser.defaults.DefaultArgumentsDecorator object at 0x7f8fb5a6a0>)
[4.182s] Level 1:colcon.colcon_core.package_discovery:discover_packages(colcon_meta) check parameters
[4.183s] Level 1:colcon.colcon_core.package_discovery:discover_packages(recursive) check parameters
[4.184s] Level 1:colcon.colcon_core.package_discovery:discover_packages(ignore) check parameters
[4.184s] Level 1:colcon.colcon_core.package_discovery:discover_packages(path) check parameters
[4.184s] Level 1:colcon.colcon_core.package_discovery:discover_packages(colcon_meta) discover
[4.193s] Level 1:colcon.colcon_core.package_discovery:discover_packages(recursive) discover
[4.193s] INFO:colcon.colcon_core.package_discovery:Crawling recursively for packages in '/home/nvidia/Desktop/Serial_ros2_ws'
[4.194s] Level 1:colcon.colcon_core.package_identification:_identify(.) by extensions ['ignore', 'ignore_ament_install']
[4.194s] Level 1:colcon.colcon_core.package_identification:_identify(.) by extension 'ignore'
[4.195s] Level 1:colcon.colcon_core.package_identification:_identify(.) by extension 'ignore_ament_install'
[4.195s] Level 1:colcon.colcon_core.package_identification:_identify(.) by extensions ['colcon_pkg']
[4.195s] Level 1:colcon.colcon_core.package_identification:_identify(.) by extension 'colcon_pkg'
[4.196s] Level 1:colcon.colcon_core.package_identification:_identify(.) by extensions ['colcon_meta']
[4.196s] Level 1:colcon.colcon_core.package_identification:_identify(.) by extension 'colcon_meta'
[4.196s] Level 1:colcon.colcon_core.package_identification:_identify(.) by extensions ['ros']
[4.196s] Level 1:colcon.colcon_core.package_identification:_identify(.) by extension 'ros'
[4.296s] Level 1:colcon.colcon_core.package_identification:_identify(.) by extensions ['cmake', 'python']
[4.296s] Level 1:colcon.colcon_core.package_identification:_identify(.) by extension 'cmake'
[4.296s] Level 1:colcon.colcon_core.package_identification:_identify(.) by extension 'python'
[4.297s] Level 1:colcon.colcon_core.package_identification:_identify(.) by extensions ['python_setup_py']
[4.297s] Level 1:colcon.colcon_core.package_identification:_identify(.) by extension 'python_setup_py'
[4.298s] Level 1:colcon.colcon_core.package_identification:_identify(Serial_python) by extensions ['ignore', 'ignore_ament_install']
[4.298s] Level 1:colcon.colcon_core.package_identification:_identify(Serial_python) by extension 'ignore'
[4.299s] Level 1:colcon.colcon_core.package_identification:_identify(Serial_python) by extension 'ignore_ament_install'
[4.299s] Level 1:colcon.colcon_core.package_identification:_identify(Serial_python) by extensions ['colcon_pkg']
[4.300s] Level 1:colcon.colcon_core.package_identification:_identify(Serial_python) by extension 'colcon_pkg'
[4.300s] Level 1:colcon.colcon_core.package_identification:_identify(Serial_python) by extensions ['colcon_meta']
[4.300s] Level 1:colcon.colcon_core.package_identification:_identify(Serial_python) by extension 'colcon_meta'
[4.300s] Level 1:colcon.colcon_core.package_identification:_identify(Serial_python) by extensions ['ros']
[4.301s] Level 1:colcon.colcon_core.package_identification:_identify(Serial_python) by extension 'ros'
[4.301s] Level 1:colcon.colcon_core.package_identification:_identify(Serial_python) by extensions ['cmake', 'python']
[4.302s] Level 1:colcon.colcon_core.package_identification:_identify(Serial_python) by extension 'cmake'
[4.302s] Level 1:colcon.colcon_core.package_identification:_identify(Serial_python) by extension 'python'
[4.302s] Level 1:colcon.colcon_core.package_identification:_identify(Serial_python) by extensions ['python_setup_py']
[4.303s] Level 1:colcon.colcon_core.package_identification:_identify(Serial_python) by extension 'python_setup_py'
[4.303s] Level 1:colcon.colcon_core.package_identification:_identify(Serial_python/serial_sketch) by extensions ['ignore', 'ignore_ament_install']
[4.304s] Level 1:colcon.colcon_core.package_identification:_identify(Serial_python/serial_sketch) by extension 'ignore'
[4.304s] Level 1:colcon.colcon_core.package_identification:_identify(Serial_python/serial_sketch) by extension 'ignore_ament_install'
[4.305s] Level 1:colcon.colcon_core.package_identification:_identify(Serial_python/serial_sketch) by extensions ['colcon_pkg']
[4.305s] Level 1:colcon.colcon_core.package_identification:_identify(Serial_python/serial_sketch) by extension 'colcon_pkg'
[4.305s] Level 1:colcon.colcon_core.package_identification:_identify(Serial_python/serial_sketch) by extensions ['colcon_meta']
[4.306s] Level 1:colcon.colcon_core.package_identification:_identify(Serial_python/serial_sketch) by extension 'colcon_meta'
[4.306s] Level 1:colcon.colcon_core.package_identification:_identify(Serial_python/serial_sketch) by extensions ['ros']
[4.306s] Level 1:colcon.colcon_core.package_identification:_identify(Serial_python/serial_sketch) by extension 'ros'
[4.307s] Level 1:colcon.colcon_core.package_identification:_identify(Serial_python/serial_sketch) by extensions ['cmake', 'python']
[4.307s] Level 1:colcon.colcon_core.package_identification:_identify(Serial_python/serial_sketch) by extension 'cmake'
[4.307s] Level 1:colcon.colcon_core.package_identification:_identify(Serial_python/serial_sketch) by extension 'python'
[4.308s] Level 1:colcon.colcon_core.package_identification:_identify(Serial_python/serial_sketch) by extensions ['python_setup_py']
[4.308s] Level 1:colcon.colcon_core.package_identification:_identify(Serial_python/serial_sketch) by extension 'python_setup_py'
[4.309s] Level 1:colcon.colcon_core.package_identification:_identify(build) by extensions ['ignore', 'ignore_ament_install']
[4.309s] Level 1:colcon.colcon_core.package_identification:_identify(build) by extension 'ignore'
[4.310s] Level 1:colcon.colcon_core.package_identification:_identify(build) ignored
[4.318s] Level 1:colcon.colcon_core.package_identification:_identify(install) by extensions ['ignore', 'ignore_ament_install']
[4.318s] Level 1:colcon.colcon_core.package_identification:_identify(install) by extension 'ignore'
[4.319s] Level 1:colcon.colcon_core.package_identification:_identify(install) ignored
[4.321s] Level 1:colcon.colcon_core.package_identification:_identify(log) by extensions ['ignore', 'ignore_ament_install']
[4.321s] Level 1:colcon.colcon_core.package_identification:_identify(log) by extension 'ignore'
[4.322s] Level 1:colcon.colcon_core.package_identification:_identify(log) ignored
[4.322s] Level 1:colcon.colcon_core.package_identification:_identify(src) by extensions ['ignore', 'ignore_ament_install']
[4.323s] Level 1:colcon.colcon_core.package_identification:_identify(src) by extension 'ignore'
[4.323s] Level 1:colcon.colcon_core.package_identification:_identify(src) by extension 'ignore_ament_install'
[4.324s] Level 1:colcon.colcon_core.package_identification:_identify(src) by extensions ['colcon_pkg']
[4.324s] Level 1:colcon.colcon_core.package_identification:_identify(src) by extension 'colcon_pkg'
[4.324s] Level 1:colcon.colcon_core.package_identification:_identify(src) by extensions ['colcon_meta']
[4.324s] Level 1:colcon.colcon_core.package_identification:_identify(src) by extension 'colcon_meta'
[4.325s] Level 1:colcon.colcon_core.package_identification:_identify(src) by extensions ['ros']
[4.325s] Level 1:colcon.colcon_core.package_identification:_identify(src) by extension 'ros'
[4.326s] Level 1:colcon.colcon_core.package_identification:_identify(src) by extensions ['cmake', 'python']
[4.326s] Level 1:colcon.colcon_core.package_identification:_identify(src) by extension 'cmake'
[4.326s] Level 1:colcon.colcon_core.package_identification:_identify(src) by extension 'python'
[4.326s] Level 1:colcon.colcon_core.package_identification:_identify(src) by extensions ['python_setup_py']
[4.327s] Level 1:colcon.colcon_core.package_identification:_identify(src) by extension 'python_setup_py'
[4.327s] Level 1:colcon.colcon_core.package_identification:_identify(src/serial_light_py) by extensions ['ignore', 'ignore_ament_install']
[4.328s] Level 1:colcon.colcon_core.package_identification:_identify(src/serial_light_py) by extension 'ignore'
[4.328s] Level 1:colcon.colcon_core.package_identification:_identify(src/serial_light_py) by extension 'ignore_ament_install'
[4.329s] Level 1:colcon.colcon_core.package_identification:_identify(src/serial_light_py) by extensions ['colcon_pkg']
[4.329s] Level 1:colcon.colcon_core.package_identification:_identify(src/serial_light_py) by extension 'colcon_pkg'
[4.329s] Level 1:colcon.colcon_core.package_identification:_identify(src/serial_light_py) by extensions ['colcon_meta']
[4.329s] Level 1:colcon.colcon_core.package_identification:_identify(src/serial_light_py) by extension 'colcon_meta'
[4.330s] Level 1:colcon.colcon_core.package_identification:_identify(src/serial_light_py) by extensions ['ros']
[4.330s] Level 1:colcon.colcon_core.package_identification:_identify(src/serial_light_py) by extension 'ros'
[4.390s] DEBUG:colcon.colcon_core.package_identification:Package 'src/serial_light_py' with type 'ros.ament_python' and name 'serial_light_py'
[4.390s] Level 1:colcon.colcon_core.package_discovery:discover_packages(recursive) using defaults
[4.398s] Level 1:colcon.colcon_core.package_discovery:discover_packages(ignore) discover
[4.398s] Level 1:colcon.colcon_core.package_discovery:discover_packages(ignore) using defaults
[4.398s] Level 1:colcon.colcon_core.package_discovery:discover_packages(path) discover
[4.398s] Level 1:colcon.colcon_core.package_discovery:discover_packages(path) using defaults
[4.618s] Level 5:colcon.colcon_core.verb:set package 'serial_light_py' build argument 'cmake_args' from command line to 'None'
[4.618s] Level 5:colcon.colcon_core.verb:set package 'serial_light_py' build argument 'cmake_target' from command line to 'None'
[4.618s] Level 5:colcon.colcon_core.verb:set package 'serial_light_py' build argument 'cmake_target_skip_unavailable' from command line to 'False'
[4.619s] Level 5:colcon.colcon_core.verb:set package 'serial_light_py' build argument 'cmake_clean_cache' from command line to 'False'
[4.619s] Level 5:colcon.colcon_core.verb:set package 'serial_light_py' build argument 'cmake_clean_first' from command line to 'False'
[4.619s] Level 5:colcon.colcon_core.verb:set package 'serial_light_py' build argument 'cmake_force_configure' from command line to 'False'
[4.619s] Level 5:colcon.colcon_core.verb:set package 'serial_light_py' build argument 'ament_cmake_args' from command line to 'None'
[4.619s] Level 5:colcon.colcon_core.verb:set package 'serial_light_py' build argument 'catkin_cmake_args' from command line to 'None'
[4.619s] Level 5:colcon.colcon_core.verb:set package 'serial_light_py' build argument 'catkin_skip_building_tests' from command line to 'False'
[4.620s] DEBUG:colcon.colcon_core.verb:Building package 'serial_light_py' with the following arguments: {'ament_cmake_args': None, 'build_base': '/home/nvidia/Desktop/Serial_ros2_ws/build/serial_light_py', 'catkin_cmake_args': None, 'catkin_skip_building_tests': False, 'cmake_args': None, 'cmake_clean_cache': False, 'cmake_clean_first': False, 'cmake_force_configure': False, 'cmake_target': None, 'cmake_target_skip_unavailable': False, 'install_base': '/home/nvidia/Desktop/Serial_ros2_ws/install/serial_light_py', 'merge_install': False, 'path': '/home/nvidia/Desktop/Serial_ros2_ws/src/serial_light_py', 'symlink_install': False, 'test_result_base': None}
[4.623s] INFO:colcon.colcon_core.executor:Executing jobs using 'parallel' executor
[4.646s] DEBUG:colcon.colcon_parallel_executor.executor.parallel:run_until_complete
[4.649s] INFO:colcon.colcon_ros.task.ament_python.build:Building ROS package in '/home/nvidia/Desktop/Serial_ros2_ws/src/serial_light_py' with build type 'ament_python'
[4.651s] Level 1:colcon.colcon_core.shell:create_environment_hook('serial_light_py', 'ament_prefix_path')
[4.689s] INFO:colcon.colcon_core.plugin_system:Skipping extension 'colcon_core.shell.bat': Not used on non-Windows systems
[4.692s] INFO:colcon.colcon_core.shell:Creating environment hook '/home/nvidia/Desktop/Serial_ros2_ws/install/serial_light_py/share/serial_light_py/hook/ament_prefix_path.ps1'
[4.703s] INFO:colcon.colcon_core.shell:Creating environment descriptor '/home/nvidia/Desktop/Serial_ros2_ws/install/serial_light_py/share/serial_light_py/hook/ament_prefix_path.dsv'
[4.709s] INFO:colcon.colcon_core.shell:Creating environment hook '/home/nvidia/Desktop/Serial_ros2_ws/install/serial_light_py/share/serial_light_py/hook/ament_prefix_path.sh'
[4.728s] INFO:colcon.colcon_core.shell:Skip shell extension 'powershell' for command environment: Not usable outside of PowerShell
[4.729s] DEBUG:colcon.colcon_core.shell:Skip shell extension 'dsv' for command environment
[4.773s] DEBUG:colcon.colcon_core.shell:Ignoring prefix path '/opt/ros/eloquent'
[7.783s] INFO:colcon.colcon_core.task.python.build:Building Python package in '/home/nvidia/Desktop/Serial_ros2_ws/src/serial_light_py'
[7.794s] INFO:colcon.colcon_core.shell:Skip shell extension 'powershell' for command environment: Not usable outside of PowerShell
[7.794s] DEBUG:colcon.colcon_core.shell:Skip shell extension 'dsv' for command environment
[7.828s] DEBUG:colcon.colcon_core.shell:Ignoring prefix path '/opt/ros/eloquent'
[7.887s] DEBUG:colcon.colcon_core.event_handler.log_command:Invoking command in '/home/nvidia/Desktop/Serial_ros2_ws/src/serial_light_py': PYTHONPATH=/home/nvidia/Desktop/Serial_ros2_ws/install/serial_light_py/lib/python3.6/site-packages:${PYTHONPATH} /usr/bin/python3 setup.py egg_info --egg-base ../../build/serial_light_py build --build-base /home/nvidia/Desktop/Serial_ros2_ws/build/serial_light_py/build install --prefix /home/nvidia/Desktop/Serial_ros2_ws/install/serial_light_py --record /home/nvidia/Desktop/Serial_ros2_ws/build/serial_light_py/install.log --single-version-externally-managed
[11.493s] DEBUG:colcon.colcon_core.event_handler.log_command:Invoked command in '/home/nvidia/Desktop/Serial_ros2_ws/src/serial_light_py' returned '0': PYTHONPATH=/home/nvidia/Desktop/Serial_ros2_ws/install/serial_light_py/lib/python3.6/site-packages:${PYTHONPATH} /usr/bin/python3 setup.py egg_info --egg-base ../../build/serial_light_py build --build-base /home/nvidia/Desktop/Serial_ros2_ws/build/serial_light_py/build install --prefix /home/nvidia/Desktop/Serial_ros2_ws/install/serial_light_py --record /home/nvidia/Desktop/Serial_ros2_ws/build/serial_light_py/install.log --single-version-externally-managed
[11.529s] Level 1:colcon.colcon_core.environment:checking '/home/nvidia/Desktop/Serial_ros2_ws/install/serial_light_py' for CMake module files
[11.535s] Level 1:colcon.colcon_core.environment:checking '/home/nvidia/Desktop/Serial_ros2_ws/install/serial_light_py' for CMake config files
[11.544s] Level 1:colcon.colcon_core.environment:checking '/home/nvidia/Desktop/Serial_ros2_ws/install/serial_light_py/lib'
[11.546s] Level 1:colcon.colcon_core.environment:checking '/home/nvidia/Desktop/Serial_ros2_ws/install/serial_light_py/bin'
[11.547s] Level 1:colcon.colcon_core.environment:checking '/home/nvidia/Desktop/Serial_ros2_ws/install/serial_light_py/lib/pkgconfig/serial_light_py.pc'
[11.547s] Level 1:colcon.colcon_core.environment:checking '/home/nvidia/Desktop/Serial_ros2_ws/install/serial_light_py/lib/python3.6/site-packages'
[11.547s] Level 1:colcon.colcon_core.shell:create_environment_hook('serial_light_py', 'pythonpath')
[11.554s] INFO:colcon.colcon_core.shell:Creating environment hook '/home/nvidia/Desktop/Serial_ros2_ws/install/serial_light_py/share/serial_light_py/hook/pythonpath.ps1'
[11.557s] INFO:colcon.colcon_core.shell:Creating environment descriptor '/home/nvidia/Desktop/Serial_ros2_ws/install/serial_light_py/share/serial_light_py/hook/pythonpath.dsv'
[11.560s] INFO:colcon.colcon_core.shell:Creating environment hook '/home/nvidia/Desktop/Serial_ros2_ws/install/serial_light_py/share/serial_light_py/hook/pythonpath.sh'
[11.562s] Level 1:colcon.colcon_core.environment:create_environment_scripts_only(serial_light_py)
[11.569s] INFO:colcon.colcon_core.shell:Creating package script '/home/nvidia/Desktop/Serial_ros2_ws/install/serial_light_py/share/serial_light_py/package.ps1'
[11.586s] INFO:colcon.colcon_core.shell:Creating package descriptor '/home/nvidia/Desktop/Serial_ros2_ws/install/serial_light_py/share/serial_light_py/package.dsv'
[11.593s] INFO:colcon.colcon_core.shell:Creating package script '/home/nvidia/Desktop/Serial_ros2_ws/install/serial_light_py/share/serial_light_py/package.sh'
[11.609s] INFO:colcon.colcon_core.shell:Creating package script '/home/nvidia/Desktop/Serial_ros2_ws/install/serial_light_py/share/serial_light_py/package.bash'
[11.627s] INFO:colcon.colcon_core.shell:Creating package script '/home/nvidia/Desktop/Serial_ros2_ws/install/serial_light_py/share/serial_light_py/package.zsh'
[11.641s] Level 1:colcon.colcon_core.environment:create_file_with_runtime_dependencies(/home/nvidia/Desktop/Serial_ros2_ws/install/serial_light_py/share/colcon-core/packages/serial_light_py)
[11.643s] DEBUG:colcon.colcon_parallel_executor.executor.parallel:closing loop
[11.648s] DEBUG:colcon.colcon_parallel_executor.executor.parallel:loop closed
[11.651s] DEBUG:colcon.colcon_parallel_executor.executor.parallel:run_until_complete finished with '0'
[11.652s] DEBUG:colcon.colcon_core.event_reactor:joining thread
[11.708s] INFO:colcon.colcon_core.plugin_system:Skipping extension 'colcon_notification.desktop_notification.terminal_notifier': Not used on non-Darwin systems
[11.709s] INFO:colcon.colcon_core.plugin_system:Skipping extension 'colcon_notification.desktop_notification.win32': Not used on non-Windows systems
[11.710s] INFO:colcon.colcon_notification.desktop_notification:Sending desktop notification using 'notify2'
[11.900s] DEBUG:colcon.colcon_core.event_reactor:joined thread
[11.913s] INFO:colcon.colcon_core.shell:Creating prefix script '/home/nvidia/Desktop/Serial_ros2_ws/install/local_setup.ps1'
[11.918s] INFO:colcon.colcon_core.shell:Creating prefix util module '/home/nvidia/Desktop/Serial_ros2_ws/install/_local_setup_util_ps1.py'
[11.925s] INFO:colcon.colcon_core.shell:Creating prefix chain script '/home/nvidia/Desktop/Serial_ros2_ws/install/setup.ps1'
[11.939s] INFO:colcon.colcon_core.shell:Creating prefix script '/home/nvidia/Desktop/Serial_ros2_ws/install/local_setup.sh'
[11.942s] INFO:colcon.colcon_core.shell:Creating prefix util module '/home/nvidia/Desktop/Serial_ros2_ws/install/_local_setup_util_sh.py'
[11.943s] INFO:colcon.colcon_core.shell:Creating prefix chain script '/home/nvidia/Desktop/Serial_ros2_ws/install/setup.sh'
[11.958s] INFO:colcon.colcon_core.shell:Creating prefix script '/home/nvidia/Desktop/Serial_ros2_ws/install/local_setup.bash'
[11.960s] INFO:colcon.colcon_core.shell:Creating prefix chain script '/home/nvidia/Desktop/Serial_ros2_ws/install/setup.bash'
[11.977s] INFO:colcon.colcon_core.shell:Creating prefix script '/home/nvidia/Desktop/Serial_ros2_ws/install/local_setup.zsh'
[11.979s] INFO:colcon.colcon_core.shell:Creating prefix chain script '/home/nvidia/Desktop/Serial_ros2_ws/install/setup.zsh'
