[2.052s] DEBUG:colcon:Command line arguments: ['/usr/bin/colcon', 'build']
[2.053s] DEBUG:colcon:Parsed command line arguments: Namespace(ament_cmake_args=None, base_paths=['.'], build_base='build', catkin_cmake_args=None, catkin_skip_building_tests=False, cmake_args=None, cmake_clean_cache=False, cmake_clean_first=False, cmake_force_configure=False, cmake_target=None, cmake_target_skip_unavailable=False, continue_on_error=False, event_handlers=None, executor='parallel', ignore_user_meta=False, install_base='install', log_base=None, log_level=None, main=<bound method BuildVerb.main of <colcon_core.verb.build.BuildVerb object at 0x7f766ae320>>, merge_install=False, metas=['./colcon.meta'], packages_above=None, packages_above_and_dependencies=None, packages_above_depth=None, packages_end=None, packages_ignore=None, packages_ignore_regex=None, packages_select=None, packages_select_build_failed=False, packages_select_by_dep=None, packages_select_regex=None, packages_select_test_failures=False, packages_skip=None, packages_skip_build_finished=False, packages_skip_by_dep=None, packages_skip_regex=None, packages_skip_test_passed=False, packages_skip_up_to=None, packages_start=None, packages_up_to=None, packages_up_to_regex=None, parallel_workers=6, paths=None, symlink_install=False, test_result_base=None, verb_extension=<colcon_core.verb.build.BuildVerb object at 0x7f766ae320>, verb_name='build', verb_parser=<colcon_defaults.argument_parser.defaults.DefaultArgumentsDecorator object at 0x7f766ae668>)
[2.086s] Level 1:colcon.colcon_core.package_discovery:discover_packages(colcon_meta) check parameters
[2.086s] Level 1:colcon.colcon_core.package_discovery:discover_packages(recursive) check parameters
[2.086s] Level 1:colcon.colcon_core.package_discovery:discover_packages(ignore) check parameters
[2.087s] Level 1:colcon.colcon_core.package_discovery:discover_packages(path) check parameters
[2.087s] Level 1:colcon.colcon_core.package_discovery:discover_packages(colcon_meta) discover
[2.088s] Level 1:colcon.colcon_core.package_discovery:discover_packages(recursive) discover
[2.089s] INFO:colcon.colcon_core.package_discovery:Crawling recursively for packages in '/home/nvidia/Desktop/Serial_ros2_ws'
[2.089s] Level 1:colcon.colcon_core.package_identification:_identify(.) by extensions ['ignore', 'ignore_ament_install']
[2.090s] Level 1:colcon.colcon_core.package_identification:_identify(.) by extension 'ignore'
[2.090s] Level 1:colcon.colcon_core.package_identification:_identify(.) by extension 'ignore_ament_install'
[2.090s] Level 1:colcon.colcon_core.package_identification:_identify(.) by extensions ['colcon_pkg']
[2.091s] Level 1:colcon.colcon_core.package_identification:_identify(.) by extension 'colcon_pkg'
[2.091s] Level 1:colcon.colcon_core.package_identification:_identify(.) by extensions ['colcon_meta']
[2.091s] Level 1:colcon.colcon_core.package_identification:_identify(.) by extension 'colcon_meta'
[2.091s] Level 1:colcon.colcon_core.package_identification:_identify(.) by extensions ['ros']
[2.091s] Level 1:colcon.colcon_core.package_identification:_identify(.) by extension 'ros'
[2.156s] Level 1:colcon.colcon_core.package_identification:_identify(.) by extensions ['cmake', 'python']
[2.156s] Level 1:colcon.colcon_core.package_identification:_identify(.) by extension 'cmake'
[2.156s] Level 1:colcon.colcon_core.package_identification:_identify(.) by extension 'python'
[2.156s] Level 1:colcon.colcon_core.package_identification:_identify(.) by extensions ['python_setup_py']
[2.157s] Level 1:colcon.colcon_core.package_identification:_identify(.) by extension 'python_setup_py'
[2.157s] Level 1:colcon.colcon_core.package_identification:_identify(Serial_python) by extensions ['ignore', 'ignore_ament_install']
[2.158s] Level 1:colcon.colcon_core.package_identification:_identify(Serial_python) by extension 'ignore'
[2.158s] Level 1:colcon.colcon_core.package_identification:_identify(Serial_python) by extension 'ignore_ament_install'
[2.159s] Level 1:colcon.colcon_core.package_identification:_identify(Serial_python) by extensions ['colcon_pkg']
[2.159s] Level 1:colcon.colcon_core.package_identification:_identify(Serial_python) by extension 'colcon_pkg'
[2.159s] Level 1:colcon.colcon_core.package_identification:_identify(Serial_python) by extensions ['colcon_meta']
[2.159s] Level 1:colcon.colcon_core.package_identification:_identify(Serial_python) by extension 'colcon_meta'
[2.159s] Level 1:colcon.colcon_core.package_identification:_identify(Serial_python) by extensions ['ros']
[2.160s] Level 1:colcon.colcon_core.package_identification:_identify(Serial_python) by extension 'ros'
[2.160s] Level 1:colcon.colcon_core.package_identification:_identify(Serial_python) by extensions ['cmake', 'python']
[2.160s] Level 1:colcon.colcon_core.package_identification:_identify(Serial_python) by extension 'cmake'
[2.160s] Level 1:colcon.colcon_core.package_identification:_identify(Serial_python) by extension 'python'
[2.161s] Level 1:colcon.colcon_core.package_identification:_identify(Serial_python) by extensions ['python_setup_py']
[2.161s] Level 1:colcon.colcon_core.package_identification:_identify(Serial_python) by extension 'python_setup_py'
[2.161s] Level 1:colcon.colcon_core.package_identification:_identify(Serial_python/serial_sketch) by extensions ['ignore', 'ignore_ament_install']
[2.162s] Level 1:colcon.colcon_core.package_identification:_identify(Serial_python/serial_sketch) by extension 'ignore'
[2.162s] Level 1:colcon.colcon_core.package_identification:_identify(Serial_python/serial_sketch) by extension 'ignore_ament_install'
[2.163s] Level 1:colcon.colcon_core.package_identification:_identify(Serial_python/serial_sketch) by extensions ['colcon_pkg']
[2.163s] Level 1:colcon.colcon_core.package_identification:_identify(Serial_python/serial_sketch) by extension 'colcon_pkg'
[2.163s] Level 1:colcon.colcon_core.package_identification:_identify(Serial_python/serial_sketch) by extensions ['colcon_meta']
[2.163s] Level 1:colcon.colcon_core.package_identification:_identify(Serial_python/serial_sketch) by extension 'colcon_meta'
[2.163s] Level 1:colcon.colcon_core.package_identification:_identify(Serial_python/serial_sketch) by extensions ['ros']
[2.163s] Level 1:colcon.colcon_core.package_identification:_identify(Serial_python/serial_sketch) by extension 'ros'
[2.164s] Level 1:colcon.colcon_core.package_identification:_identify(Serial_python/serial_sketch) by extensions ['cmake', 'python']
[2.164s] Level 1:colcon.colcon_core.package_identification:_identify(Serial_python/serial_sketch) by extension 'cmake'
[2.164s] Level 1:colcon.colcon_core.package_identification:_identify(Serial_python/serial_sketch) by extension 'python'
[2.164s] Level 1:colcon.colcon_core.package_identification:_identify(Serial_python/serial_sketch) by extensions ['python_setup_py']
[2.165s] Level 1:colcon.colcon_core.package_identification:_identify(Serial_python/serial_sketch) by extension 'python_setup_py'
[2.165s] Level 1:colcon.colcon_core.package_identification:_identify(build) by extensions ['ignore', 'ignore_ament_install']
[2.166s] Level 1:colcon.colcon_core.package_identification:_identify(build) by extension 'ignore'
[2.166s] Level 1:colcon.colcon_core.package_identification:_identify(build) ignored
[2.168s] Level 1:colcon.colcon_core.package_identification:_identify(install) by extensions ['ignore', 'ignore_ament_install']
[2.169s] Level 1:colcon.colcon_core.package_identification:_identify(install) by extension 'ignore'
[2.169s] Level 1:colcon.colcon_core.package_identification:_identify(install) ignored
[2.170s] Level 1:colcon.colcon_core.package_identification:_identify(log) by extensions ['ignore', 'ignore_ament_install']
[2.171s] Level 1:colcon.colcon_core.package_identification:_identify(log) by extension 'ignore'
[2.171s] Level 1:colcon.colcon_core.package_identification:_identify(log) ignored
[2.171s] Level 1:colcon.colcon_core.package_identification:_identify(src) by extensions ['ignore', 'ignore_ament_install']
[2.172s] Level 1:colcon.colcon_core.package_identification:_identify(src) by extension 'ignore'
[2.172s] Level 1:colcon.colcon_core.package_identification:_identify(src) by extension 'ignore_ament_install'
[2.172s] Level 1:colcon.colcon_core.package_identification:_identify(src) by extensions ['colcon_pkg']
[2.172s] Level 1:colcon.colcon_core.package_identification:_identify(src) by extension 'colcon_pkg'
[2.173s] Level 1:colcon.colcon_core.package_identification:_identify(src) by extensions ['colcon_meta']
[2.173s] Level 1:colcon.colcon_core.package_identification:_identify(src) by extension 'colcon_meta'
[2.173s] Level 1:colcon.colcon_core.package_identification:_identify(src) by extensions ['ros']
[2.173s] Level 1:colcon.colcon_core.package_identification:_identify(src) by extension 'ros'
[2.174s] Level 1:colcon.colcon_core.package_identification:_identify(src) by extensions ['cmake', 'python']
[2.174s] Level 1:colcon.colcon_core.package_identification:_identify(src) by extension 'cmake'
[2.174s] Level 1:colcon.colcon_core.package_identification:_identify(src) by extension 'python'
[2.174s] Level 1:colcon.colcon_core.package_identification:_identify(src) by extensions ['python_setup_py']
[2.174s] Level 1:colcon.colcon_core.package_identification:_identify(src) by extension 'python_setup_py'
[2.175s] Level 1:colcon.colcon_core.package_identification:_identify(src/serial_light_py) by extensions ['ignore', 'ignore_ament_install']
[2.175s] Level 1:colcon.colcon_core.package_identification:_identify(src/serial_light_py) by extension 'ignore'
[2.176s] Level 1:colcon.colcon_core.package_identification:_identify(src/serial_light_py) by extension 'ignore_ament_install'
[2.176s] Level 1:colcon.colcon_core.package_identification:_identify(src/serial_light_py) by extensions ['colcon_pkg']
[2.176s] Level 1:colcon.colcon_core.package_identification:_identify(src/serial_light_py) by extension 'colcon_pkg'
[2.177s] Level 1:colcon.colcon_core.package_identification:_identify(src/serial_light_py) by extensions ['colcon_meta']
[2.177s] Level 1:colcon.colcon_core.package_identification:_identify(src/serial_light_py) by extension 'colcon_meta'
[2.177s] Level 1:colcon.colcon_core.package_identification:_identify(src/serial_light_py) by extensions ['ros']
[2.177s] Level 1:colcon.colcon_core.package_identification:_identify(src/serial_light_py) by extension 'ros'
[2.230s] DEBUG:colcon.colcon_core.package_identification:Package 'src/serial_light_py' with type 'ros.ament_python' and name 'serial_light_py'
[2.230s] Level 1:colcon.colcon_core.package_discovery:discover_packages(recursive) using defaults
[2.231s] Level 1:colcon.colcon_core.package_discovery:discover_packages(ignore) discover
[2.231s] Level 1:colcon.colcon_core.package_discovery:discover_packages(ignore) using defaults
[2.232s] Level 1:colcon.colcon_core.package_discovery:discover_packages(path) discover
[2.232s] Level 1:colcon.colcon_core.package_discovery:discover_packages(path) using defaults
[2.326s] Level 5:colcon.colcon_core.verb:set package 'serial_light_py' build argument 'cmake_args' from command line to 'None'
[2.327s] Level 5:colcon.colcon_core.verb:set package 'serial_light_py' build argument 'cmake_target' from command line to 'None'
[2.327s] Level 5:colcon.colcon_core.verb:set package 'serial_light_py' build argument 'cmake_target_skip_unavailable' from command line to 'False'
[2.327s] Level 5:colcon.colcon_core.verb:set package 'serial_light_py' build argument 'cmake_clean_cache' from command line to 'False'
[2.327s] Level 5:colcon.colcon_core.verb:set package 'serial_light_py' build argument 'cmake_clean_first' from command line to 'False'
[2.328s] Level 5:colcon.colcon_core.verb:set package 'serial_light_py' build argument 'cmake_force_configure' from command line to 'False'
[2.328s] Level 5:colcon.colcon_core.verb:set package 'serial_light_py' build argument 'ament_cmake_args' from command line to 'None'
[2.328s] Level 5:colcon.colcon_core.verb:set package 'serial_light_py' build argument 'catkin_cmake_args' from command line to 'None'
[2.328s] Level 5:colcon.colcon_core.verb:set package 'serial_light_py' build argument 'catkin_skip_building_tests' from command line to 'False'
[2.329s] DEBUG:colcon.colcon_core.verb:Building package 'serial_light_py' with the following arguments: {'ament_cmake_args': None, 'build_base': '/home/nvidia/Desktop/Serial_ros2_ws/build/serial_light_py', 'catkin_cmake_args': None, 'catkin_skip_building_tests': False, 'cmake_args': None, 'cmake_clean_cache': False, 'cmake_clean_first': False, 'cmake_force_configure': False, 'cmake_target': None, 'cmake_target_skip_unavailable': False, 'install_base': '/home/nvidia/Desktop/Serial_ros2_ws/install/serial_light_py', 'merge_install': False, 'path': '/home/nvidia/Desktop/Serial_ros2_ws/src/serial_light_py', 'symlink_install': False, 'test_result_base': None}
[2.331s] INFO:colcon.colcon_core.executor:Executing jobs using 'parallel' executor
[2.341s] DEBUG:colcon.colcon_parallel_executor.executor.parallel:run_until_complete
[2.342s] INFO:colcon.colcon_ros.task.ament_python.build:Building ROS package in '/home/nvidia/Desktop/Serial_ros2_ws/src/serial_light_py' with build type 'ament_python'
[2.343s] Level 1:colcon.colcon_core.shell:create_environment_hook('serial_light_py', 'ament_prefix_path')
[2.367s] INFO:colcon.colcon_core.plugin_system:Skipping extension 'colcon_core.shell.bat': Not used on non-Windows systems
[2.368s] INFO:colcon.colcon_core.shell:Creating environment hook '/home/nvidia/Desktop/Serial_ros2_ws/install/serial_light_py/share/serial_light_py/hook/ament_prefix_path.ps1'
[2.372s] INFO:colcon.colcon_core.shell:Creating environment descriptor '/home/nvidia/Desktop/Serial_ros2_ws/install/serial_light_py/share/serial_light_py/hook/ament_prefix_path.dsv'
[2.375s] INFO:colcon.colcon_core.shell:Creating environment hook '/home/nvidia/Desktop/Serial_ros2_ws/install/serial_light_py/share/serial_light_py/hook/ament_prefix_path.sh'
[2.383s] INFO:colcon.colcon_core.shell:Skip shell extension 'powershell' for command environment: Not usable outside of PowerShell
[2.383s] DEBUG:colcon.colcon_core.shell:Skip shell extension 'dsv' for command environment
[2.404s] DEBUG:colcon.colcon_core.shell:Ignoring prefix path '/opt/ros/eloquent'
[4.162s] INFO:colcon.colcon_core.task.python.build:Building Python package in '/home/nvidia/Desktop/Serial_ros2_ws/src/serial_light_py'
[4.170s] INFO:colcon.colcon_core.shell:Skip shell extension 'powershell' for command environment: Not usable outside of PowerShell
[4.170s] DEBUG:colcon.colcon_core.shell:Skip shell extension 'dsv' for command environment
[4.187s] DEBUG:colcon.colcon_core.shell:Ignoring prefix path '/opt/ros/eloquent'
[4.227s] DEBUG:colcon.colcon_core.event_handler.log_command:Invoking command in '/home/nvidia/Desktop/Serial_ros2_ws/src/serial_light_py': PYTHONPATH=/home/nvidia/Desktop/Serial_ros2_ws/install/serial_light_py/lib/python3.6/site-packages:${PYTHONPATH} /usr/bin/python3 setup.py egg_info --egg-base ../../build/serial_light_py build --build-base /home/nvidia/Desktop/Serial_ros2_ws/build/serial_light_py/build install --prefix /home/nvidia/Desktop/Serial_ros2_ws/install/serial_light_py --record /home/nvidia/Desktop/Serial_ros2_ws/build/serial_light_py/install.log --single-version-externally-managed
[6.336s] DEBUG:colcon.colcon_core.event_handler.log_command:Invoked command in '/home/nvidia/Desktop/Serial_ros2_ws/src/serial_light_py' returned '0': PYTHONPATH=/home/nvidia/Desktop/Serial_ros2_ws/install/serial_light_py/lib/python3.6/site-packages:${PYTHONPATH} /usr/bin/python3 setup.py egg_info --egg-base ../../build/serial_light_py build --build-base /home/nvidia/Desktop/Serial_ros2_ws/build/serial_light_py/build install --prefix /home/nvidia/Desktop/Serial_ros2_ws/install/serial_light_py --record /home/nvidia/Desktop/Serial_ros2_ws/build/serial_light_py/install.log --single-version-externally-managed
[6.347s] Level 1:colcon.colcon_core.environment:checking '/home/nvidia/Desktop/Serial_ros2_ws/install/serial_light_py' for CMake module files
[6.350s] Level 1:colcon.colcon_core.environment:checking '/home/nvidia/Desktop/Serial_ros2_ws/install/serial_light_py' for CMake config files
[6.353s] Level 1:colcon.colcon_core.environment:checking '/home/nvidia/Desktop/Serial_ros2_ws/install/serial_light_py/lib'
[6.354s] Level 1:colcon.colcon_core.environment:checking '/home/nvidia/Desktop/Serial_ros2_ws/install/serial_light_py/bin'
[6.354s] Level 1:colcon.colcon_core.environment:checking '/home/nvidia/Desktop/Serial_ros2_ws/install/serial_light_py/lib/pkgconfig/serial_light_py.pc'
[6.355s] Level 1:colcon.colcon_core.environment:checking '/home/nvidia/Desktop/Serial_ros2_ws/install/serial_light_py/lib/python3.6/site-packages'
[6.355s] Level 1:colcon.colcon_core.shell:create_environment_hook('serial_light_py', 'pythonpath')
[6.358s] INFO:colcon.colcon_core.shell:Creating environment hook '/home/nvidia/Desktop/Serial_ros2_ws/install/serial_light_py/share/serial_light_py/hook/pythonpath.ps1'
[6.360s] INFO:colcon.colcon_core.shell:Creating environment descriptor '/home/nvidia/Desktop/Serial_ros2_ws/install/serial_light_py/share/serial_light_py/hook/pythonpath.dsv'
[6.361s] INFO:colcon.colcon_core.shell:Creating environment hook '/home/nvidia/Desktop/Serial_ros2_ws/install/serial_light_py/share/serial_light_py/hook/pythonpath.sh'
[6.362s] Level 1:colcon.colcon_core.environment:create_environment_scripts_only(serial_light_py)
[6.365s] INFO:colcon.colcon_core.shell:Creating package script '/home/nvidia/Desktop/Serial_ros2_ws/install/serial_light_py/share/serial_light_py/package.ps1'
[6.369s] INFO:colcon.colcon_core.shell:Creating package descriptor '/home/nvidia/Desktop/Serial_ros2_ws/install/serial_light_py/share/serial_light_py/package.dsv'
[6.371s] INFO:colcon.colcon_core.shell:Creating package script '/home/nvidia/Desktop/Serial_ros2_ws/install/serial_light_py/share/serial_light_py/package.sh'
[6.375s] INFO:colcon.colcon_core.shell:Creating package script '/home/nvidia/Desktop/Serial_ros2_ws/install/serial_light_py/share/serial_light_py/package.bash'
[6.378s] INFO:colcon.colcon_core.shell:Creating package script '/home/nvidia/Desktop/Serial_ros2_ws/install/serial_light_py/share/serial_light_py/package.zsh'
[6.381s] Level 1:colcon.colcon_core.environment:create_file_with_runtime_dependencies(/home/nvidia/Desktop/Serial_ros2_ws/install/serial_light_py/share/colcon-core/packages/serial_light_py)
[6.382s] DEBUG:colcon.colcon_parallel_executor.executor.parallel:closing loop
[6.383s] DEBUG:colcon.colcon_parallel_executor.executor.parallel:loop closed
[6.384s] DEBUG:colcon.colcon_parallel_executor.executor.parallel:run_until_complete finished with '0'
[6.384s] DEBUG:colcon.colcon_core.event_reactor:joining thread
[6.409s] INFO:colcon.colcon_core.plugin_system:Skipping extension 'colcon_notification.desktop_notification.terminal_notifier': Not used on non-Darwin systems
[6.410s] INFO:colcon.colcon_core.plugin_system:Skipping extension 'colcon_notification.desktop_notification.win32': Not used on non-Windows systems
[6.410s] INFO:colcon.colcon_notification.desktop_notification:Sending desktop notification using 'notify2'
[6.597s] DEBUG:colcon.colcon_core.event_reactor:joined thread
[6.600s] INFO:colcon.colcon_core.shell:Creating prefix script '/home/nvidia/Desktop/Serial_ros2_ws/install/local_setup.ps1'
[6.605s] INFO:colcon.colcon_core.shell:Creating prefix util module '/home/nvidia/Desktop/Serial_ros2_ws/install/_local_setup_util_ps1.py'
[6.612s] INFO:colcon.colcon_core.shell:Creating prefix chain script '/home/nvidia/Desktop/Serial_ros2_ws/install/setup.ps1'
[6.626s] INFO:colcon.colcon_core.shell:Creating prefix script '/home/nvidia/Desktop/Serial_ros2_ws/install/local_setup.sh'
[6.628s] INFO:colcon.colcon_core.shell:Creating prefix util module '/home/nvidia/Desktop/Serial_ros2_ws/install/_local_setup_util_sh.py'
[6.630s] INFO:colcon.colcon_core.shell:Creating prefix chain script '/home/nvidia/Desktop/Serial_ros2_ws/install/setup.sh'
[6.645s] INFO:colcon.colcon_core.shell:Creating prefix script '/home/nvidia/Desktop/Serial_ros2_ws/install/local_setup.bash'
[6.647s] INFO:colcon.colcon_core.shell:Creating prefix chain script '/home/nvidia/Desktop/Serial_ros2_ws/install/setup.bash'
[6.660s] INFO:colcon.colcon_core.shell:Creating prefix script '/home/nvidia/Desktop/Serial_ros2_ws/install/local_setup.zsh'
[6.662s] INFO:colcon.colcon_core.shell:Creating prefix chain script '/home/nvidia/Desktop/Serial_ros2_ws/install/setup.zsh'
