[3.118s] DEBUG:colcon:Command line arguments: ['/usr/bin/colcon', 'build']
[3.119s] DEBUG:colcon:Parsed command line arguments: Namespace(ament_cmake_args=None, base_paths=['.'], build_base='build', catkin_cmake_args=None, catkin_skip_building_tests=False, cmake_args=None, cmake_clean_cache=False, cmake_clean_first=False, cmake_force_configure=False, cmake_target=None, cmake_target_skip_unavailable=False, continue_on_error=False, event_handlers=None, executor='parallel', ignore_user_meta=False, install_base='install', log_base=None, log_level=None, main=<bound method BuildVerb.main of <colcon_core.verb.build.BuildVerb object at 0x7f9da6d358>>, merge_install=False, metas=['./colcon.meta'], packages_above=None, packages_above_and_dependencies=None, packages_above_depth=None, packages_end=None, packages_ignore=None, packages_ignore_regex=None, packages_select=None, packages_select_build_failed=False, packages_select_by_dep=None, packages_select_regex=None, packages_select_test_failures=False, packages_skip=None, packages_skip_build_finished=False, packages_skip_by_dep=None, packages_skip_regex=None, packages_skip_test_passed=False, packages_skip_up_to=None, packages_start=None, packages_up_to=None, packages_up_to_regex=None, parallel_workers=6, paths=None, symlink_install=False, test_result_base=None, verb_extension=<colcon_core.verb.build.BuildVerb object at 0x7f9da6d358>, verb_name='build', verb_parser=<colcon_defaults.argument_parser.defaults.DefaultArgumentsDecorator object at 0x7f9da6d6a0>)
[3.171s] Level 1:colcon.colcon_core.package_discovery:discover_packages(colcon_meta) check parameters
[3.172s] Level 1:colcon.colcon_core.package_discovery:discover_packages(recursive) check parameters
[3.172s] Level 1:colcon.colcon_core.package_discovery:discover_packages(ignore) check parameters
[3.172s] Level 1:colcon.colcon_core.package_discovery:discover_packages(path) check parameters
[3.173s] Level 1:colcon.colcon_core.package_discovery:discover_packages(colcon_meta) discover
[3.177s] Level 1:colcon.colcon_core.package_discovery:discover_packages(recursive) discover
[3.177s] INFO:colcon.colcon_core.package_discovery:Crawling recursively for packages in '/home/nvidia/Desktop/Serial_ros2_ws'
[3.178s] Level 1:colcon.colcon_core.package_identification:_identify(.) by extensions ['ignore', 'ignore_ament_install']
[3.178s] Level 1:colcon.colcon_core.package_identification:_identify(.) by extension 'ignore'
[3.179s] Level 1:colcon.colcon_core.package_identification:_identify(.) by extension 'ignore_ament_install'
[3.179s] Level 1:colcon.colcon_core.package_identification:_identify(.) by extensions ['colcon_pkg']
[3.179s] Level 1:colcon.colcon_core.package_identification:_identify(.) by extension 'colcon_pkg'
[3.180s] Level 1:colcon.colcon_core.package_identification:_identify(.) by extensions ['colcon_meta']
[3.180s] Level 1:colcon.colcon_core.package_identification:_identify(.) by extension 'colcon_meta'
[3.180s] Level 1:colcon.colcon_core.package_identification:_identify(.) by extensions ['ros']
[3.180s] Level 1:colcon.colcon_core.package_identification:_identify(.) by extension 'ros'
[3.267s] Level 1:colcon.colcon_core.package_identification:_identify(.) by extensions ['cmake', 'python']
[3.267s] Level 1:colcon.colcon_core.package_identification:_identify(.) by extension 'cmake'
[3.268s] Level 1:colcon.colcon_core.package_identification:_identify(.) by extension 'python'
[3.268s] Level 1:colcon.colcon_core.package_identification:_identify(.) by extensions ['python_setup_py']
[3.268s] Level 1:colcon.colcon_core.package_identification:_identify(.) by extension 'python_setup_py'
[3.269s] Level 1:colcon.colcon_core.package_identification:_identify(Serial_python) by extensions ['ignore', 'ignore_ament_install']
[3.270s] Level 1:colcon.colcon_core.package_identification:_identify(Serial_python) by extension 'ignore'
[3.270s] Level 1:colcon.colcon_core.package_identification:_identify(Serial_python) by extension 'ignore_ament_install'
[3.271s] Level 1:colcon.colcon_core.package_identification:_identify(Serial_python) by extensions ['colcon_pkg']
[3.271s] Level 1:colcon.colcon_core.package_identification:_identify(Serial_python) by extension 'colcon_pkg'
[3.271s] Level 1:colcon.colcon_core.package_identification:_identify(Serial_python) by extensions ['colcon_meta']
[3.271s] Level 1:colcon.colcon_core.package_identification:_identify(Serial_python) by extension 'colcon_meta'
[3.272s] Level 1:colcon.colcon_core.package_identification:_identify(Serial_python) by extensions ['ros']
[3.272s] Level 1:colcon.colcon_core.package_identification:_identify(Serial_python) by extension 'ros'
[3.272s] Level 1:colcon.colcon_core.package_identification:_identify(Serial_python) by extensions ['cmake', 'python']
[3.273s] Level 1:colcon.colcon_core.package_identification:_identify(Serial_python) by extension 'cmake'
[3.273s] Level 1:colcon.colcon_core.package_identification:_identify(Serial_python) by extension 'python'
[3.273s] Level 1:colcon.colcon_core.package_identification:_identify(Serial_python) by extensions ['python_setup_py']
[3.274s] Level 1:colcon.colcon_core.package_identification:_identify(Serial_python) by extension 'python_setup_py'
[3.274s] Level 1:colcon.colcon_core.package_identification:_identify(Serial_python/serial_sketch) by extensions ['ignore', 'ignore_ament_install']
[3.275s] Level 1:colcon.colcon_core.package_identification:_identify(Serial_python/serial_sketch) by extension 'ignore'
[3.276s] Level 1:colcon.colcon_core.package_identification:_identify(Serial_python/serial_sketch) by extension 'ignore_ament_install'
[3.276s] Level 1:colcon.colcon_core.package_identification:_identify(Serial_python/serial_sketch) by extensions ['colcon_pkg']
[3.276s] Level 1:colcon.colcon_core.package_identification:_identify(Serial_python/serial_sketch) by extension 'colcon_pkg'
[3.276s] Level 1:colcon.colcon_core.package_identification:_identify(Serial_python/serial_sketch) by extensions ['colcon_meta']
[3.276s] Level 1:colcon.colcon_core.package_identification:_identify(Serial_python/serial_sketch) by extension 'colcon_meta'
[3.277s] Level 1:colcon.colcon_core.package_identification:_identify(Serial_python/serial_sketch) by extensions ['ros']
[3.277s] Level 1:colcon.colcon_core.package_identification:_identify(Serial_python/serial_sketch) by extension 'ros'
[3.278s] Level 1:colcon.colcon_core.package_identification:_identify(Serial_python/serial_sketch) by extensions ['cmake', 'python']
[3.278s] Level 1:colcon.colcon_core.package_identification:_identify(Serial_python/serial_sketch) by extension 'cmake'
[3.278s] Level 1:colcon.colcon_core.package_identification:_identify(Serial_python/serial_sketch) by extension 'python'
[3.279s] Level 1:colcon.colcon_core.package_identification:_identify(Serial_python/serial_sketch) by extensions ['python_setup_py']
[3.279s] Level 1:colcon.colcon_core.package_identification:_identify(Serial_python/serial_sketch) by extension 'python_setup_py'
[3.279s] Level 1:colcon.colcon_core.package_identification:_identify(build) by extensions ['ignore', 'ignore_ament_install']
[3.280s] Level 1:colcon.colcon_core.package_identification:_identify(build) by extension 'ignore'
[3.280s] Level 1:colcon.colcon_core.package_identification:_identify(build) ignored
[3.285s] Level 1:colcon.colcon_core.package_identification:_identify(install) by extensions ['ignore', 'ignore_ament_install']
[3.286s] Level 1:colcon.colcon_core.package_identification:_identify(install) by extension 'ignore'
[3.286s] Level 1:colcon.colcon_core.package_identification:_identify(install) ignored
[3.287s] Level 1:colcon.colcon_core.package_identification:_identify(log) by extensions ['ignore', 'ignore_ament_install']
[3.288s] Level 1:colcon.colcon_core.package_identification:_identify(log) by extension 'ignore'
[3.288s] Level 1:colcon.colcon_core.package_identification:_identify(log) ignored
[3.289s] Level 1:colcon.colcon_core.package_identification:_identify(src) by extensions ['ignore', 'ignore_ament_install']
[3.289s] Level 1:colcon.colcon_core.package_identification:_identify(src) by extension 'ignore'
[3.290s] Level 1:colcon.colcon_core.package_identification:_identify(src) by extension 'ignore_ament_install'
[3.290s] Level 1:colcon.colcon_core.package_identification:_identify(src) by extensions ['colcon_pkg']
[3.290s] Level 1:colcon.colcon_core.package_identification:_identify(src) by extension 'colcon_pkg'
[3.291s] Level 1:colcon.colcon_core.package_identification:_identify(src) by extensions ['colcon_meta']
[3.291s] Level 1:colcon.colcon_core.package_identification:_identify(src) by extension 'colcon_meta'
[3.291s] Level 1:colcon.colcon_core.package_identification:_identify(src) by extensions ['ros']
[3.291s] Level 1:colcon.colcon_core.package_identification:_identify(src) by extension 'ros'
[3.292s] Level 1:colcon.colcon_core.package_identification:_identify(src) by extensions ['cmake', 'python']
[3.292s] Level 1:colcon.colcon_core.package_identification:_identify(src) by extension 'cmake'
[3.292s] Level 1:colcon.colcon_core.package_identification:_identify(src) by extension 'python'
[3.292s] Level 1:colcon.colcon_core.package_identification:_identify(src) by extensions ['python_setup_py']
[3.293s] Level 1:colcon.colcon_core.package_identification:_identify(src) by extension 'python_setup_py'
[3.293s] Level 1:colcon.colcon_core.package_identification:_identify(src/serial_light_py) by extensions ['ignore', 'ignore_ament_install']
[3.294s] Level 1:colcon.colcon_core.package_identification:_identify(src/serial_light_py) by extension 'ignore'
[3.294s] Level 1:colcon.colcon_core.package_identification:_identify(src/serial_light_py) by extension 'ignore_ament_install'
[3.295s] Level 1:colcon.colcon_core.package_identification:_identify(src/serial_light_py) by extensions ['colcon_pkg']
[3.295s] Level 1:colcon.colcon_core.package_identification:_identify(src/serial_light_py) by extension 'colcon_pkg'
[3.295s] Level 1:colcon.colcon_core.package_identification:_identify(src/serial_light_py) by extensions ['colcon_meta']
[3.295s] Level 1:colcon.colcon_core.package_identification:_identify(src/serial_light_py) by extension 'colcon_meta'
[3.296s] Level 1:colcon.colcon_core.package_identification:_identify(src/serial_light_py) by extensions ['ros']
[3.296s] Level 1:colcon.colcon_core.package_identification:_identify(src/serial_light_py) by extension 'ros'
[3.358s] DEBUG:colcon.colcon_core.package_identification:Package 'src/serial_light_py' with type 'ros.ament_python' and name 'serial_light_py'
[3.358s] Level 1:colcon.colcon_core.package_discovery:discover_packages(recursive) using defaults
[3.361s] Level 1:colcon.colcon_core.package_discovery:discover_packages(ignore) discover
[3.362s] Level 1:colcon.colcon_core.package_discovery:discover_packages(ignore) using defaults
[3.362s] Level 1:colcon.colcon_core.package_discovery:discover_packages(path) discover
[3.362s] Level 1:colcon.colcon_core.package_discovery:discover_packages(path) using defaults
[3.504s] Level 5:colcon.colcon_core.verb:set package 'serial_light_py' build argument 'cmake_args' from command line to 'None'
[3.505s] Level 5:colcon.colcon_core.verb:set package 'serial_light_py' build argument 'cmake_target' from command line to 'None'
[3.505s] Level 5:colcon.colcon_core.verb:set package 'serial_light_py' build argument 'cmake_target_skip_unavailable' from command line to 'False'
[3.505s] Level 5:colcon.colcon_core.verb:set package 'serial_light_py' build argument 'cmake_clean_cache' from command line to 'False'
[3.505s] Level 5:colcon.colcon_core.verb:set package 'serial_light_py' build argument 'cmake_clean_first' from command line to 'False'
[3.506s] Level 5:colcon.colcon_core.verb:set package 'serial_light_py' build argument 'cmake_force_configure' from command line to 'False'
[3.506s] Level 5:colcon.colcon_core.verb:set package 'serial_light_py' build argument 'ament_cmake_args' from command line to 'None'
[3.506s] Level 5:colcon.colcon_core.verb:set package 'serial_light_py' build argument 'catkin_cmake_args' from command line to 'None'
[3.506s] Level 5:colcon.colcon_core.verb:set package 'serial_light_py' build argument 'catkin_skip_building_tests' from command line to 'False'
[3.506s] DEBUG:colcon.colcon_core.verb:Building package 'serial_light_py' with the following arguments: {'ament_cmake_args': None, 'build_base': '/home/nvidia/Desktop/Serial_ros2_ws/build/serial_light_py', 'catkin_cmake_args': None, 'catkin_skip_building_tests': False, 'cmake_args': None, 'cmake_clean_cache': False, 'cmake_clean_first': False, 'cmake_force_configure': False, 'cmake_target': None, 'cmake_target_skip_unavailable': False, 'install_base': '/home/nvidia/Desktop/Serial_ros2_ws/install/serial_light_py', 'merge_install': False, 'path': '/home/nvidia/Desktop/Serial_ros2_ws/src/serial_light_py', 'symlink_install': False, 'test_result_base': None}
[3.509s] INFO:colcon.colcon_core.executor:Executing jobs using 'parallel' executor
[3.524s] DEBUG:colcon.colcon_parallel_executor.executor.parallel:run_until_complete
[3.525s] INFO:colcon.colcon_ros.task.ament_python.build:Building ROS package in '/home/nvidia/Desktop/Serial_ros2_ws/src/serial_light_py' with build type 'ament_python'
[3.527s] Level 1:colcon.colcon_core.shell:create_environment_hook('serial_light_py', 'ament_prefix_path')
[3.565s] INFO:colcon.colcon_core.plugin_system:Skipping extension 'colcon_core.shell.bat': Not used on non-Windows systems
[3.566s] INFO:colcon.colcon_core.shell:Creating environment hook '/home/nvidia/Desktop/Serial_ros2_ws/install/serial_light_py/share/serial_light_py/hook/ament_prefix_path.ps1'
[3.578s] INFO:colcon.colcon_core.shell:Creating environment descriptor '/home/nvidia/Desktop/Serial_ros2_ws/install/serial_light_py/share/serial_light_py/hook/ament_prefix_path.dsv'
[3.584s] INFO:colcon.colcon_core.shell:Creating environment hook '/home/nvidia/Desktop/Serial_ros2_ws/install/serial_light_py/share/serial_light_py/hook/ament_prefix_path.sh'
[3.602s] INFO:colcon.colcon_core.shell:Skip shell extension 'powershell' for command environment: Not usable outside of PowerShell
[3.602s] DEBUG:colcon.colcon_core.shell:Skip shell extension 'dsv' for command environment
[3.631s] DEBUG:colcon.colcon_core.shell:Ignoring prefix path '/opt/ros/eloquent'
[6.084s] INFO:colcon.colcon_core.task.python.build:Building Python package in '/home/nvidia/Desktop/Serial_ros2_ws/src/serial_light_py'
[6.092s] INFO:colcon.colcon_core.shell:Skip shell extension 'powershell' for command environment: Not usable outside of PowerShell
[6.092s] DEBUG:colcon.colcon_core.shell:Skip shell extension 'dsv' for command environment
[6.123s] DEBUG:colcon.colcon_core.shell:Ignoring prefix path '/opt/ros/eloquent'
[6.170s] DEBUG:colcon.colcon_core.event_handler.log_command:Invoking command in '/home/nvidia/Desktop/Serial_ros2_ws/src/serial_light_py': PYTHONPATH=/home/nvidia/Desktop/Serial_ros2_ws/install/serial_light_py/lib/python3.6/site-packages:${PYTHONPATH} /usr/bin/python3 setup.py egg_info --egg-base ../../build/serial_light_py build --build-base /home/nvidia/Desktop/Serial_ros2_ws/build/serial_light_py/build install --prefix /home/nvidia/Desktop/Serial_ros2_ws/install/serial_light_py --record /home/nvidia/Desktop/Serial_ros2_ws/build/serial_light_py/install.log --single-version-externally-managed
[9.286s] DEBUG:colcon.colcon_core.event_handler.log_command:Invoked command in '/home/nvidia/Desktop/Serial_ros2_ws/src/serial_light_py' returned '0': PYTHONPATH=/home/nvidia/Desktop/Serial_ros2_ws/install/serial_light_py/lib/python3.6/site-packages:${PYTHONPATH} /usr/bin/python3 setup.py egg_info --egg-base ../../build/serial_light_py build --build-base /home/nvidia/Desktop/Serial_ros2_ws/build/serial_light_py/build install --prefix /home/nvidia/Desktop/Serial_ros2_ws/install/serial_light_py --record /home/nvidia/Desktop/Serial_ros2_ws/build/serial_light_py/install.log --single-version-externally-managed
[9.302s] Level 1:colcon.colcon_core.environment:checking '/home/nvidia/Desktop/Serial_ros2_ws/install/serial_light_py' for CMake module files
[9.304s] Level 1:colcon.colcon_core.environment:checking '/home/nvidia/Desktop/Serial_ros2_ws/install/serial_light_py' for CMake config files
[9.307s] Level 1:colcon.colcon_core.environment:checking '/home/nvidia/Desktop/Serial_ros2_ws/install/serial_light_py/lib'
[9.308s] Level 1:colcon.colcon_core.environment:checking '/home/nvidia/Desktop/Serial_ros2_ws/install/serial_light_py/bin'
[9.308s] Level 1:colcon.colcon_core.environment:checking '/home/nvidia/Desktop/Serial_ros2_ws/install/serial_light_py/lib/pkgconfig/serial_light_py.pc'
[9.309s] Level 1:colcon.colcon_core.environment:checking '/home/nvidia/Desktop/Serial_ros2_ws/install/serial_light_py/lib/python3.6/site-packages'
[9.309s] Level 1:colcon.colcon_core.shell:create_environment_hook('serial_light_py', 'pythonpath')
[9.312s] INFO:colcon.colcon_core.shell:Creating environment hook '/home/nvidia/Desktop/Serial_ros2_ws/install/serial_light_py/share/serial_light_py/hook/pythonpath.ps1'
[9.314s] INFO:colcon.colcon_core.shell:Creating environment descriptor '/home/nvidia/Desktop/Serial_ros2_ws/install/serial_light_py/share/serial_light_py/hook/pythonpath.dsv'
[9.315s] INFO:colcon.colcon_core.shell:Creating environment hook '/home/nvidia/Desktop/Serial_ros2_ws/install/serial_light_py/share/serial_light_py/hook/pythonpath.sh'
[9.320s] Level 1:colcon.colcon_core.environment:create_environment_scripts_only(serial_light_py)
[9.324s] INFO:colcon.colcon_core.shell:Creating package script '/home/nvidia/Desktop/Serial_ros2_ws/install/serial_light_py/share/serial_light_py/package.ps1'
[9.328s] INFO:colcon.colcon_core.shell:Creating package descriptor '/home/nvidia/Desktop/Serial_ros2_ws/install/serial_light_py/share/serial_light_py/package.dsv'
[9.330s] INFO:colcon.colcon_core.shell:Creating package script '/home/nvidia/Desktop/Serial_ros2_ws/install/serial_light_py/share/serial_light_py/package.sh'
[9.333s] INFO:colcon.colcon_core.shell:Creating package script '/home/nvidia/Desktop/Serial_ros2_ws/install/serial_light_py/share/serial_light_py/package.bash'
[9.336s] INFO:colcon.colcon_core.shell:Creating package script '/home/nvidia/Desktop/Serial_ros2_ws/install/serial_light_py/share/serial_light_py/package.zsh'
[9.339s] Level 1:colcon.colcon_core.environment:create_file_with_runtime_dependencies(/home/nvidia/Desktop/Serial_ros2_ws/install/serial_light_py/share/colcon-core/packages/serial_light_py)
[9.340s] DEBUG:colcon.colcon_parallel_executor.executor.parallel:closing loop
[9.343s] DEBUG:colcon.colcon_parallel_executor.executor.parallel:loop closed
[9.345s] DEBUG:colcon.colcon_parallel_executor.executor.parallel:run_until_complete finished with '0'
[9.345s] DEBUG:colcon.colcon_core.event_reactor:joining thread
[9.372s] INFO:colcon.colcon_core.plugin_system:Skipping extension 'colcon_notification.desktop_notification.terminal_notifier': Not used on non-Darwin systems
[9.372s] INFO:colcon.colcon_core.plugin_system:Skipping extension 'colcon_notification.desktop_notification.win32': Not used on non-Windows systems
[9.372s] INFO:colcon.colcon_notification.desktop_notification:Sending desktop notification using 'notify2'
[9.596s] DEBUG:colcon.colcon_core.event_reactor:joined thread
[9.606s] INFO:colcon.colcon_core.shell:Creating prefix script '/home/nvidia/Desktop/Serial_ros2_ws/install/local_setup.ps1'
[9.612s] INFO:colcon.colcon_core.shell:Creating prefix util module '/home/nvidia/Desktop/Serial_ros2_ws/install/_local_setup_util_ps1.py'
[9.619s] INFO:colcon.colcon_core.shell:Creating prefix chain script '/home/nvidia/Desktop/Serial_ros2_ws/install/setup.ps1'
[9.634s] INFO:colcon.colcon_core.shell:Creating prefix script '/home/nvidia/Desktop/Serial_ros2_ws/install/local_setup.sh'
[9.636s] INFO:colcon.colcon_core.shell:Creating prefix util module '/home/nvidia/Desktop/Serial_ros2_ws/install/_local_setup_util_sh.py'
[9.638s] INFO:colcon.colcon_core.shell:Creating prefix chain script '/home/nvidia/Desktop/Serial_ros2_ws/install/setup.sh'
[9.652s] INFO:colcon.colcon_core.shell:Creating prefix script '/home/nvidia/Desktop/Serial_ros2_ws/install/local_setup.bash'
[9.655s] INFO:colcon.colcon_core.shell:Creating prefix chain script '/home/nvidia/Desktop/Serial_ros2_ws/install/setup.bash'
[9.668s] INFO:colcon.colcon_core.shell:Creating prefix script '/home/nvidia/Desktop/Serial_ros2_ws/install/local_setup.zsh'
[9.670s] INFO:colcon.colcon_core.shell:Creating prefix chain script '/home/nvidia/Desktop/Serial_ros2_ws/install/setup.zsh'
