[3.490s] Invoking command in '/home/nvidia/Desktop/Serial_ros2_ws/src/serial_light_py': PYTHONPATH=/home/nvidia/Desktop/Serial_ros2_ws/install/serial_light_py/lib/python3.6/site-packages:${PYTHONPATH} /usr/bin/python3 setup.py egg_info --egg-base ../../build/serial_light_py build --build-base /home/nvidia/Desktop/Serial_ros2_ws/build/serial_light_py/build install --prefix /home/nvidia/Desktop/Serial_ros2_ws/install/serial_light_py --record /home/nvidia/Desktop/Serial_ros2_ws/build/serial_light_py/install.log --single-version-externally-managed
[6.533s] running egg_info
[6.546s] writing ../../build/serial_light_py/serial_light_py.egg-info/PKG-INFO
[6.547s] writing dependency_links to ../../build/serial_light_py/serial_light_py.egg-info/dependency_links.txt
[6.548s] writing entry points to ../../build/serial_light_py/serial_light_py.egg-info/entry_points.txt
[6.549s] writing requirements to ../../build/serial_light_py/serial_light_py.egg-info/requires.txt
[6.550s] writing top-level names to ../../build/serial_light_py/serial_light_py.egg-info/top_level.txt
[6.921s] reading manifest file '../../build/serial_light_py/serial_light_py.egg-info/SOURCES.txt'
[6.936s] writing manifest file '../../build/serial_light_py/serial_light_py.egg-info/SOURCES.txt'
[6.937s] running build
[6.937s] running build_py
[6.940s] running install
[6.944s] running install_lib
[6.954s] running install_data
[6.958s] running install_egg_info
[6.971s] removing '/home/nvidia/Desktop/Serial_ros2_ws/install/serial_light_py/lib/python3.6/site-packages/serial_light_py-0.0.0-py3.6.egg-info' (and everything under it)
[6.973s] Copying ../../build/serial_light_py/serial_light_py.egg-info to /home/nvidia/Desktop/Serial_ros2_ws/install/serial_light_py/lib/python3.6/site-packages/serial_light_py-0.0.0-py3.6.egg-info
[6.980s] running install_scripts
[7.121s] Installing py_pub_data script to /home/nvidia/Desktop/Serial_ros2_ws/install/serial_light_py/lib/serial_light_py
[7.123s] Installing py_sub_data script to /home/nvidia/Desktop/Serial_ros2_ws/install/serial_light_py/lib/serial_light_py
[7.125s] writing list of installed files to '/home/nvidia/Desktop/Serial_ros2_ws/build/serial_light_py/install.log'
[7.248s] Invoked command in '/home/nvidia/Desktop/Serial_ros2_ws/src/serial_light_py' returned '0': PYTHONPATH=/home/nvidia/Desktop/Serial_ros2_ws/install/serial_light_py/lib/python3.6/site-packages:${PYTHONPATH} /usr/bin/python3 setup.py egg_info --egg-base ../../build/serial_light_py build --build-base /home/nvidia/Desktop/Serial_ros2_ws/build/serial_light_py/build install --prefix /home/nvidia/Desktop/Serial_ros2_ws/install/serial_light_py --record /home/nvidia/Desktop/Serial_ros2_ws/build/serial_light_py/install.log --single-version-externally-managed
