[1.860s] Invoking command in '/home/nvidia/Desktop/Serial_ros2_ws/src/serial_light_py': PYTHONPATH=/home/nvidia/Desktop/Serial_ros2_ws/install/serial_light_py/lib/python3.6/site-packages:${PYTHONPATH} /usr/bin/python3 setup.py egg_info --egg-base ../../build/serial_light_py build --build-base /home/nvidia/Desktop/Serial_ros2_ws/build/serial_light_py/build install --prefix /home/nvidia/Desktop/Serial_ros2_ws/install/serial_light_py --record /home/nvidia/Desktop/Serial_ros2_ws/build/serial_light_py/install.log --single-version-externally-managed
[3.546s] running egg_info
[3.551s] writing ../../build/serial_light_py/serial_light_py.egg-info/PKG-INFO
[3.553s] writing dependency_links to ../../build/serial_light_py/serial_light_py.egg-info/dependency_links.txt
[3.554s] writing entry points to ../../build/serial_light_py/serial_light_py.egg-info/entry_points.txt
[3.555s] writing requirements to ../../build/serial_light_py/serial_light_py.egg-info/requires.txt
[3.556s] writing top-level names to ../../build/serial_light_py/serial_light_py.egg-info/top_level.txt
[3.739s] reading manifest file '../../build/serial_light_py/serial_light_py.egg-info/SOURCES.txt'
[3.746s] writing manifest file '../../build/serial_light_py/serial_light_py.egg-info/SOURCES.txt'
[3.746s] running build
[3.747s] running build_py
[3.751s] running install
[3.753s] running install_lib
[3.765s] running install_data
[3.770s] running install_egg_info
[3.780s] removing '/home/nvidia/Desktop/Serial_ros2_ws/install/serial_light_py/lib/python3.6/site-packages/serial_light_py-0.0.0-py3.6.egg-info' (and everything under it)
[3.783s] Copying ../../build/serial_light_py/serial_light_py.egg-info to /home/nvidia/Desktop/Serial_ros2_ws/install/serial_light_py/lib/python3.6/site-packages/serial_light_py-0.0.0-py3.6.egg-info
[3.797s] running install_scripts
[3.894s] Installing py_pub_data script to /home/nvidia/Desktop/Serial_ros2_ws/install/serial_light_py/lib/serial_light_py
[3.895s] Installing py_sub_data script to /home/nvidia/Desktop/Serial_ros2_ws/install/serial_light_py/lib/serial_light_py
[3.897s] writing list of installed files to '/home/nvidia/Desktop/Serial_ros2_ws/build/serial_light_py/install.log'
[4.023s] Invoked command in '/home/nvidia/Desktop/Serial_ros2_ws/src/serial_light_py' returned '0': PYTHONPATH=/home/nvidia/Desktop/Serial_ros2_ws/install/serial_light_py/lib/python3.6/site-packages:${PYTHONPATH} /usr/bin/python3 setup.py egg_info --egg-base ../../build/serial_light_py build --build-base /home/nvidia/Desktop/Serial_ros2_ws/build/serial_light_py/build install --prefix /home/nvidia/Desktop/Serial_ros2_ws/install/serial_light_py --record /home/nvidia/Desktop/Serial_ros2_ws/build/serial_light_py/install.log --single-version-externally-managed
