[3.025s] Invoking command in '/home/nvidia/Desktop/Serial_ros2_ws/src/serial_light_py': PYTHONPATH=/home/nvidia/Desktop/Serial_ros2_ws/install/serial_light_py/lib/python3.6/site-packages:${PYTHONPATH} /usr/bin/python3 setup.py egg_info --egg-base ../../build/serial_light_py build --build-base /home/nvidia/Desktop/Serial_ros2_ws/build/serial_light_py/build install --prefix /home/nvidia/Desktop/Serial_ros2_ws/install/serial_light_py --record /home/nvidia/Desktop/Serial_ros2_ws/build/serial_light_py/install.log --single-version-externally-managed
[5.850s] running egg_info
[5.857s] writing ../../build/serial_light_py/serial_light_py.egg-info/PKG-INFO
[5.859s] writing dependency_links to ../../build/serial_light_py/serial_light_py.egg-info/dependency_links.txt
[5.861s] writing entry points to ../../build/serial_light_py/serial_light_py.egg-info/entry_points.txt
[5.862s] writing requirements to ../../build/serial_light_py/serial_light_py.egg-info/requires.txt
[5.864s] writing top-level names to ../../build/serial_light_py/serial_light_py.egg-info/top_level.txt
[6.185s] reading manifest file '../../build/serial_light_py/serial_light_py.egg-info/SOURCES.txt'
[6.197s] writing manifest file '../../build/serial_light_py/serial_light_py.egg-info/SOURCES.txt'
[6.199s] running build
[6.200s] running build_py
[6.202s] copying serial_light_py/py_sub_data.py -> /home/nvidia/Desktop/Serial_ros2_ws/build/serial_light_py/build/lib/serial_light_py
[6.204s] running install
[6.205s] running install_lib
[6.211s] copying /home/nvidia/Desktop/Serial_ros2_ws/build/serial_light_py/build/lib/serial_light_py/py_sub_data.py -> /home/nvidia/Desktop/Serial_ros2_ws/install/serial_light_py/lib/python3.6/site-packages/serial_light_py
[6.215s] byte-compiling /home/nvidia/Desktop/Serial_ros2_ws/install/serial_light_py/lib/python3.6/site-packages/serial_light_py/py_sub_data.py to py_sub_data.cpython-36.pyc
[6.220s] running install_data
[6.225s] running install_egg_info
[6.236s] removing '/home/nvidia/Desktop/Serial_ros2_ws/install/serial_light_py/lib/python3.6/site-packages/serial_light_py-0.0.0-py3.6.egg-info' (and everything under it)
[6.238s] Copying ../../build/serial_light_py/serial_light_py.egg-info to /home/nvidia/Desktop/Serial_ros2_ws/install/serial_light_py/lib/python3.6/site-packages/serial_light_py-0.0.0-py3.6.egg-info
[6.246s] running install_scripts
[6.370s] Installing py_pub_data script to /home/nvidia/Desktop/Serial_ros2_ws/install/serial_light_py/lib/serial_light_py
[6.373s] Installing py_sub_data script to /home/nvidia/Desktop/Serial_ros2_ws/install/serial_light_py/lib/serial_light_py
[6.375s] writing list of installed files to '/home/nvidia/Desktop/Serial_ros2_ws/build/serial_light_py/install.log'
[6.501s] Invoked command in '/home/nvidia/Desktop/Serial_ros2_ws/src/serial_light_py' returned '0': PYTHONPATH=/home/nvidia/Desktop/Serial_ros2_ws/install/serial_light_py/lib/python3.6/site-packages:${PYTHONPATH} /usr/bin/python3 setup.py egg_info --egg-base ../../build/serial_light_py build --build-base /home/nvidia/Desktop/Serial_ros2_ws/build/serial_light_py/build install --prefix /home/nvidia/Desktop/Serial_ros2_ws/install/serial_light_py --record /home/nvidia/Desktop/Serial_ros2_ws/build/serial_light_py/install.log --single-version-externally-managed
