[1.877s] Invoking command in '/home/nvidia/Desktop/Serial_ros2_ws/src/serial_light_py': PYTHONPATH=/home/nvidia/Desktop/Serial_ros2_ws/install/serial_light_py/lib/python3.6/site-packages:${PYTHONPATH} /usr/bin/python3 setup.py egg_info --egg-base ../../build/serial_light_py build --build-base /home/nvidia/Desktop/Serial_ros2_ws/build/serial_light_py/build install --prefix /home/nvidia/Desktop/Serial_ros2_ws/install/serial_light_py --record /home/nvidia/Desktop/Serial_ros2_ws/build/serial_light_py/install.log --single-version-externally-managed
[3.549s] running egg_info
[3.555s] writing ../../build/serial_light_py/serial_light_py.egg-info/PKG-INFO
[3.556s] writing dependency_links to ../../build/serial_light_py/serial_light_py.egg-info/dependency_links.txt
[3.557s] writing entry points to ../../build/serial_light_py/serial_light_py.egg-info/entry_points.txt
[3.558s] writing requirements to ../../build/serial_light_py/serial_light_py.egg-info/requires.txt
[3.558s] writing top-level names to ../../build/serial_light_py/serial_light_py.egg-info/top_level.txt
[3.723s] reading manifest file '../../build/serial_light_py/serial_light_py.egg-info/SOURCES.txt'
[3.731s] writing manifest file '../../build/serial_light_py/serial_light_py.egg-info/SOURCES.txt'
[3.731s] running build
[3.732s] running build_py
[3.734s] running install
[3.736s] running install_lib
[3.744s] running install_data
[3.747s] running install_egg_info
[3.757s] removing '/home/nvidia/Desktop/Serial_ros2_ws/install/serial_light_py/lib/python3.6/site-packages/serial_light_py-0.0.0-py3.6.egg-info' (and everything under it)
[3.760s] Copying ../../build/serial_light_py/serial_light_py.egg-info to /home/nvidia/Desktop/Serial_ros2_ws/install/serial_light_py/lib/python3.6/site-packages/serial_light_py-0.0.0-py3.6.egg-info
[3.770s] running install_scripts
[3.845s] Installing py_pub_data script to /home/nvidia/Desktop/Serial_ros2_ws/install/serial_light_py/lib/serial_light_py
[3.846s] Installing py_sub_data script to /home/nvidia/Desktop/Serial_ros2_ws/install/serial_light_py/lib/serial_light_py
[3.847s] writing list of installed files to '/home/nvidia/Desktop/Serial_ros2_ws/build/serial_light_py/install.log'
[3.958s] Invoked command in '/home/nvidia/Desktop/Serial_ros2_ws/src/serial_light_py' returned '0': PYTHONPATH=/home/nvidia/Desktop/Serial_ros2_ws/install/serial_light_py/lib/python3.6/site-packages:${PYTHONPATH} /usr/bin/python3 setup.py egg_info --egg-base ../../build/serial_light_py build --build-base /home/nvidia/Desktop/Serial_ros2_ws/build/serial_light_py/build install --prefix /home/nvidia/Desktop/Serial_ros2_ws/install/serial_light_py --record /home/nvidia/Desktop/Serial_ros2_ws/build/serial_light_py/install.log --single-version-externally-managed
