[3.975s] DEBUG:colcon:Command line arguments: ['/usr/bin/colcon', 'build']
[3.976s] DEBUG:colcon:Parsed command line arguments: Namespace(ament_cmake_args=None, base_paths=['.'], build_base='build', catkin_cmake_args=None, catkin_skip_building_tests=False, cmake_args=None, cmake_clean_cache=False, cmake_clean_first=False, cmake_force_configure=False, cmake_target=None, cmake_target_skip_unavailable=False, continue_on_error=False, event_handlers=None, executor='parallel', ignore_user_meta=False, install_base='install', log_base=None, log_level=None, main=<bound method BuildVerb.main of <colcon_core.verb.build.BuildVerb object at 0x7fab4112e8>>, merge_install=False, metas=['./colcon.meta'], packages_above=None, packages_above_and_dependencies=None, packages_above_depth=None, packages_end=None, packages_ignore=None, packages_ignore_regex=None, packages_select=None, packages_select_build_failed=False, packages_select_by_dep=None, packages_select_regex=None, packages_select_test_failures=False, packages_skip=None, packages_skip_build_finished=False, packages_skip_by_dep=None, packages_skip_regex=None, packages_skip_test_passed=False, packages_skip_up_to=None, packages_start=None, packages_up_to=None, packages_up_to_regex=None, parallel_workers=6, paths=None, symlink_install=False, test_result_base=None, verb_extension=<colcon_core.verb.build.BuildVerb object at 0x7fab4112e8>, verb_name='build', verb_parser=<colcon_defaults.argument_parser.defaults.DefaultArgumentsDecorator object at 0x7fab411630>)
[4.040s] Level 1:colcon.colcon_core.package_discovery:discover_packages(colcon_meta) check parameters
[4.041s] Level 1:colcon.colcon_core.package_discovery:discover_packages(recursive) check parameters
[4.041s] Level 1:colcon.colcon_core.package_discovery:discover_packages(ignore) check parameters
[4.041s] Level 1:colcon.colcon_core.package_discovery:discover_packages(path) check parameters
[4.042s] Level 1:colcon.colcon_core.package_discovery:discover_packages(colcon_meta) discover
[4.049s] Level 1:colcon.colcon_core.package_discovery:discover_packages(recursive) discover
[4.049s] INFO:colcon.colcon_core.package_discovery:Crawling recursively for packages in '/home/nvidia/Desktop/Serial_ros2_ws'
[4.050s] Level 1:colcon.colcon_core.package_identification:_identify(.) by extensions ['ignore', 'ignore_ament_install']
[4.051s] Level 1:colcon.colcon_core.package_identification:_identify(.) by extension 'ignore'
[4.051s] Level 1:colcon.colcon_core.package_identification:_identify(.) by extension 'ignore_ament_install'
[4.052s] Level 1:colcon.colcon_core.package_identification:_identify(.) by extensions ['colcon_pkg']
[4.052s] Level 1:colcon.colcon_core.package_identification:_identify(.) by extension 'colcon_pkg'
[4.052s] Level 1:colcon.colcon_core.package_identification:_identify(.) by extensions ['colcon_meta']
[4.052s] Level 1:colcon.colcon_core.package_identification:_identify(.) by extension 'colcon_meta'
[4.053s] Level 1:colcon.colcon_core.package_identification:_identify(.) by extensions ['ros']
[4.053s] Level 1:colcon.colcon_core.package_identification:_identify(.) by extension 'ros'
[4.149s] Level 1:colcon.colcon_core.package_identification:_identify(.) by extensions ['cmake', 'python']
[4.149s] Level 1:colcon.colcon_core.package_identification:_identify(.) by extension 'cmake'
[4.150s] Level 1:colcon.colcon_core.package_identification:_identify(.) by extension 'python'
[4.150s] Level 1:colcon.colcon_core.package_identification:_identify(.) by extensions ['python_setup_py']
[4.150s] Level 1:colcon.colcon_core.package_identification:_identify(.) by extension 'python_setup_py'
[4.151s] Level 1:colcon.colcon_core.package_identification:_identify(Serial_python) by extensions ['ignore', 'ignore_ament_install']
[4.152s] Level 1:colcon.colcon_core.package_identification:_identify(Serial_python) by extension 'ignore'
[4.152s] Level 1:colcon.colcon_core.package_identification:_identify(Serial_python) by extension 'ignore_ament_install'
[4.153s] Level 1:colcon.colcon_core.package_identification:_identify(Serial_python) by extensions ['colcon_pkg']
[4.153s] Level 1:colcon.colcon_core.package_identification:_identify(Serial_python) by extension 'colcon_pkg'
[4.153s] Level 1:colcon.colcon_core.package_identification:_identify(Serial_python) by extensions ['colcon_meta']
[4.153s] Level 1:colcon.colcon_core.package_identification:_identify(Serial_python) by extension 'colcon_meta'
[4.154s] Level 1:colcon.colcon_core.package_identification:_identify(Serial_python) by extensions ['ros']
[4.154s] Level 1:colcon.colcon_core.package_identification:_identify(Serial_python) by extension 'ros'
[4.155s] Level 1:colcon.colcon_core.package_identification:_identify(Serial_python) by extensions ['cmake', 'python']
[4.155s] Level 1:colcon.colcon_core.package_identification:_identify(Serial_python) by extension 'cmake'
[4.155s] Level 1:colcon.colcon_core.package_identification:_identify(Serial_python) by extension 'python'
[4.155s] Level 1:colcon.colcon_core.package_identification:_identify(Serial_python) by extensions ['python_setup_py']
[4.156s] Level 1:colcon.colcon_core.package_identification:_identify(Serial_python) by extension 'python_setup_py'
[4.156s] Level 1:colcon.colcon_core.package_identification:_identify(Serial_python/serial_sketch) by extensions ['ignore', 'ignore_ament_install']
[4.157s] Level 1:colcon.colcon_core.package_identification:_identify(Serial_python/serial_sketch) by extension 'ignore'
[4.157s] Level 1:colcon.colcon_core.package_identification:_identify(Serial_python/serial_sketch) by extension 'ignore_ament_install'
[4.158s] Level 1:colcon.colcon_core.package_identification:_identify(Serial_python/serial_sketch) by extensions ['colcon_pkg']
[4.158s] Level 1:colcon.colcon_core.package_identification:_identify(Serial_python/serial_sketch) by extension 'colcon_pkg'
[4.158s] Level 1:colcon.colcon_core.package_identification:_identify(Serial_python/serial_sketch) by extensions ['colcon_meta']
[4.159s] Level 1:colcon.colcon_core.package_identification:_identify(Serial_python/serial_sketch) by extension 'colcon_meta'
[4.159s] Level 1:colcon.colcon_core.package_identification:_identify(Serial_python/serial_sketch) by extensions ['ros']
[4.159s] Level 1:colcon.colcon_core.package_identification:_identify(Serial_python/serial_sketch) by extension 'ros'
[4.160s] Level 1:colcon.colcon_core.package_identification:_identify(Serial_python/serial_sketch) by extensions ['cmake', 'python']
[4.160s] Level 1:colcon.colcon_core.package_identification:_identify(Serial_python/serial_sketch) by extension 'cmake'
[4.160s] Level 1:colcon.colcon_core.package_identification:_identify(Serial_python/serial_sketch) by extension 'python'
[4.161s] Level 1:colcon.colcon_core.package_identification:_identify(Serial_python/serial_sketch) by extensions ['python_setup_py']
[4.161s] Level 1:colcon.colcon_core.package_identification:_identify(Serial_python/serial_sketch) by extension 'python_setup_py'
[4.161s] Level 1:colcon.colcon_core.package_identification:_identify(build) by extensions ['ignore', 'ignore_ament_install']
[4.162s] Level 1:colcon.colcon_core.package_identification:_identify(build) by extension 'ignore'
[4.162s] Level 1:colcon.colcon_core.package_identification:_identify(build) ignored
[4.171s] Level 1:colcon.colcon_core.package_identification:_identify(install) by extensions ['ignore', 'ignore_ament_install']
[4.171s] Level 1:colcon.colcon_core.package_identification:_identify(install) by extension 'ignore'
[4.172s] Level 1:colcon.colcon_core.package_identification:_identify(install) ignored
[4.174s] Level 1:colcon.colcon_core.package_identification:_identify(log) by extensions ['ignore', 'ignore_ament_install']
[4.174s] Level 1:colcon.colcon_core.package_identification:_identify(log) by extension 'ignore'
[4.175s] Level 1:colcon.colcon_core.package_identification:_identify(log) ignored
[4.175s] Level 1:colcon.colcon_core.package_identification:_identify(src) by extensions ['ignore', 'ignore_ament_install']
[4.176s] Level 1:colcon.colcon_core.package_identification:_identify(src) by extension 'ignore'
[4.176s] Level 1:colcon.colcon_core.package_identification:_identify(src) by extension 'ignore_ament_install'
[4.177s] Level 1:colcon.colcon_core.package_identification:_identify(src) by extensions ['colcon_pkg']
[4.177s] Level 1:colcon.colcon_core.package_identification:_identify(src) by extension 'colcon_pkg'
[4.177s] Level 1:colcon.colcon_core.package_identification:_identify(src) by extensions ['colcon_meta']
[4.177s] Level 1:colcon.colcon_core.package_identification:_identify(src) by extension 'colcon_meta'
[4.178s] Level 1:colcon.colcon_core.package_identification:_identify(src) by extensions ['ros']
[4.178s] Level 1:colcon.colcon_core.package_identification:_identify(src) by extension 'ros'
[4.179s] Level 1:colcon.colcon_core.package_identification:_identify(src) by extensions ['cmake', 'python']
[4.179s] Level 1:colcon.colcon_core.package_identification:_identify(src) by extension 'cmake'
[4.179s] Level 1:colcon.colcon_core.package_identification:_identify(src) by extension 'python'
[4.179s] Level 1:colcon.colcon_core.package_identification:_identify(src) by extensions ['python_setup_py']
[4.180s] Level 1:colcon.colcon_core.package_identification:_identify(src) by extension 'python_setup_py'
[4.180s] Level 1:colcon.colcon_core.package_identification:_identify(src/serial_light_py) by extensions ['ignore', 'ignore_ament_install']
[4.181s] Level 1:colcon.colcon_core.package_identification:_identify(src/serial_light_py) by extension 'ignore'
[4.181s] Level 1:colcon.colcon_core.package_identification:_identify(src/serial_light_py) by extension 'ignore_ament_install'
[4.182s] Level 1:colcon.colcon_core.package_identification:_identify(src/serial_light_py) by extensions ['colcon_pkg']
[4.182s] Level 1:colcon.colcon_core.package_identification:_identify(src/serial_light_py) by extension 'colcon_pkg'
[4.182s] Level 1:colcon.colcon_core.package_identification:_identify(src/serial_light_py) by extensions ['colcon_meta']
[4.182s] Level 1:colcon.colcon_core.package_identification:_identify(src/serial_light_py) by extension 'colcon_meta'
[4.183s] Level 1:colcon.colcon_core.package_identification:_identify(src/serial_light_py) by extensions ['ros']
[4.183s] Level 1:colcon.colcon_core.package_identification:_identify(src/serial_light_py) by extension 'ros'
[4.242s] DEBUG:colcon.colcon_core.package_identification:Package 'src/serial_light_py' with type 'ros.ament_python' and name 'serial_light_py'
[4.242s] Level 1:colcon.colcon_core.package_discovery:discover_packages(recursive) using defaults
[4.249s] Level 1:colcon.colcon_core.package_discovery:discover_packages(ignore) discover
[4.250s] Level 1:colcon.colcon_core.package_discovery:discover_packages(ignore) using defaults
[4.250s] Level 1:colcon.colcon_core.package_discovery:discover_packages(path) discover
[4.250s] Level 1:colcon.colcon_core.package_discovery:discover_packages(path) using defaults
[4.457s] Level 5:colcon.colcon_core.verb:set package 'serial_light_py' build argument 'cmake_args' from command line to 'None'
[4.457s] Level 5:colcon.colcon_core.verb:set package 'serial_light_py' build argument 'cmake_target' from command line to 'None'
[4.458s] Level 5:colcon.colcon_core.verb:set package 'serial_light_py' build argument 'cmake_target_skip_unavailable' from command line to 'False'
[4.458s] Level 5:colcon.colcon_core.verb:set package 'serial_light_py' build argument 'cmake_clean_cache' from command line to 'False'
[4.458s] Level 5:colcon.colcon_core.verb:set package 'serial_light_py' build argument 'cmake_clean_first' from command line to 'False'
[4.458s] Level 5:colcon.colcon_core.verb:set package 'serial_light_py' build argument 'cmake_force_configure' from command line to 'False'
[4.458s] Level 5:colcon.colcon_core.verb:set package 'serial_light_py' build argument 'ament_cmake_args' from command line to 'None'
[4.458s] Level 5:colcon.colcon_core.verb:set package 'serial_light_py' build argument 'catkin_cmake_args' from command line to 'None'
[4.459s] Level 5:colcon.colcon_core.verb:set package 'serial_light_py' build argument 'catkin_skip_building_tests' from command line to 'False'
[4.459s] DEBUG:colcon.colcon_core.verb:Building package 'serial_light_py' with the following arguments: {'ament_cmake_args': None, 'build_base': '/home/nvidia/Desktop/Serial_ros2_ws/build/serial_light_py', 'catkin_cmake_args': None, 'catkin_skip_building_tests': False, 'cmake_args': None, 'cmake_clean_cache': False, 'cmake_clean_first': False, 'cmake_force_configure': False, 'cmake_target': None, 'cmake_target_skip_unavailable': False, 'install_base': '/home/nvidia/Desktop/Serial_ros2_ws/install/serial_light_py', 'merge_install': False, 'path': '/home/nvidia/Desktop/Serial_ros2_ws/src/serial_light_py', 'symlink_install': False, 'test_result_base': None}
[4.462s] INFO:colcon.colcon_core.executor:Executing jobs using 'parallel' executor
[4.485s] DEBUG:colcon.colcon_parallel_executor.executor.parallel:run_until_complete
[4.487s] INFO:colcon.colcon_ros.task.ament_python.build:Building ROS package in '/home/nvidia/Desktop/Serial_ros2_ws/src/serial_light_py' with build type 'ament_python'
[4.489s] Level 1:colcon.colcon_core.shell:create_environment_hook('serial_light_py', 'ament_prefix_path')
[4.520s] INFO:colcon.colcon_core.plugin_system:Skipping extension 'colcon_core.shell.bat': Not used on non-Windows systems
[4.522s] INFO:colcon.colcon_core.shell:Creating environment hook '/home/nvidia/Desktop/Serial_ros2_ws/install/serial_light_py/share/serial_light_py/hook/ament_prefix_path.ps1'
[4.525s] INFO:colcon.colcon_core.shell:Creating environment descriptor '/home/nvidia/Desktop/Serial_ros2_ws/install/serial_light_py/share/serial_light_py/hook/ament_prefix_path.dsv'
[4.528s] INFO:colcon.colcon_core.shell:Creating environment hook '/home/nvidia/Desktop/Serial_ros2_ws/install/serial_light_py/share/serial_light_py/hook/ament_prefix_path.sh'
[4.540s] INFO:colcon.colcon_core.shell:Skip shell extension 'powershell' for command environment: Not usable outside of PowerShell
[4.541s] DEBUG:colcon.colcon_core.shell:Skip shell extension 'dsv' for command environment
[4.575s] DEBUG:colcon.colcon_core.shell:Ignoring prefix path '/opt/ros/eloquent'
[7.651s] INFO:colcon.colcon_core.task.python.build:Building Python package in '/home/nvidia/Desktop/Serial_ros2_ws/src/serial_light_py'
[7.662s] INFO:colcon.colcon_core.shell:Skip shell extension 'powershell' for command environment: Not usable outside of PowerShell
[7.662s] DEBUG:colcon.colcon_core.shell:Skip shell extension 'dsv' for command environment
[7.697s] DEBUG:colcon.colcon_core.shell:Ignoring prefix path '/opt/ros/eloquent'
[7.752s] DEBUG:colcon.colcon_core.event_handler.log_command:Invoking command in '/home/nvidia/Desktop/Serial_ros2_ws/src/serial_light_py': PYTHONPATH=/home/nvidia/Desktop/Serial_ros2_ws/install/serial_light_py/lib/python3.6/site-packages:${PYTHONPATH} /usr/bin/python3 setup.py egg_info --egg-base ../../build/serial_light_py build --build-base /home/nvidia/Desktop/Serial_ros2_ws/build/serial_light_py/build install --prefix /home/nvidia/Desktop/Serial_ros2_ws/install/serial_light_py --record /home/nvidia/Desktop/Serial_ros2_ws/build/serial_light_py/install.log --single-version-externally-managed
[11.371s] DEBUG:colcon.colcon_core.event_handler.log_command:Invoked command in '/home/nvidia/Desktop/Serial_ros2_ws/src/serial_light_py' returned '0': PYTHONPATH=/home/nvidia/Desktop/Serial_ros2_ws/install/serial_light_py/lib/python3.6/site-packages:${PYTHONPATH} /usr/bin/python3 setup.py egg_info --egg-base ../../build/serial_light_py build --build-base /home/nvidia/Desktop/Serial_ros2_ws/build/serial_light_py/build install --prefix /home/nvidia/Desktop/Serial_ros2_ws/install/serial_light_py --record /home/nvidia/Desktop/Serial_ros2_ws/build/serial_light_py/install.log --single-version-externally-managed
[11.406s] Level 1:colcon.colcon_core.environment:checking '/home/nvidia/Desktop/Serial_ros2_ws/install/serial_light_py' for CMake module files
[11.412s] Level 1:colcon.colcon_core.environment:checking '/home/nvidia/Desktop/Serial_ros2_ws/install/serial_light_py' for CMake config files
[11.422s] Level 1:colcon.colcon_core.environment:checking '/home/nvidia/Desktop/Serial_ros2_ws/install/serial_light_py/lib'
[11.425s] Level 1:colcon.colcon_core.environment:checking '/home/nvidia/Desktop/Serial_ros2_ws/install/serial_light_py/bin'
[11.426s] Level 1:colcon.colcon_core.environment:checking '/home/nvidia/Desktop/Serial_ros2_ws/install/serial_light_py/lib/pkgconfig/serial_light_py.pc'
[11.427s] Level 1:colcon.colcon_core.environment:checking '/home/nvidia/Desktop/Serial_ros2_ws/install/serial_light_py/lib/python3.6/site-packages'
[11.427s] Level 1:colcon.colcon_core.shell:create_environment_hook('serial_light_py', 'pythonpath')
[11.434s] INFO:colcon.colcon_core.shell:Creating environment hook '/home/nvidia/Desktop/Serial_ros2_ws/install/serial_light_py/share/serial_light_py/hook/pythonpath.ps1'
[11.438s] INFO:colcon.colcon_core.shell:Creating environment descriptor '/home/nvidia/Desktop/Serial_ros2_ws/install/serial_light_py/share/serial_light_py/hook/pythonpath.dsv'
[11.441s] INFO:colcon.colcon_core.shell:Creating environment hook '/home/nvidia/Desktop/Serial_ros2_ws/install/serial_light_py/share/serial_light_py/hook/pythonpath.sh'
[11.444s] Level 1:colcon.colcon_core.environment:create_environment_scripts_only(serial_light_py)
[11.452s] INFO:colcon.colcon_core.shell:Creating package script '/home/nvidia/Desktop/Serial_ros2_ws/install/serial_light_py/share/serial_light_py/package.ps1'
[11.468s] INFO:colcon.colcon_core.shell:Creating package descriptor '/home/nvidia/Desktop/Serial_ros2_ws/install/serial_light_py/share/serial_light_py/package.dsv'
[11.475s] INFO:colcon.colcon_core.shell:Creating package script '/home/nvidia/Desktop/Serial_ros2_ws/install/serial_light_py/share/serial_light_py/package.sh'
[11.490s] INFO:colcon.colcon_core.shell:Creating package script '/home/nvidia/Desktop/Serial_ros2_ws/install/serial_light_py/share/serial_light_py/package.bash'
[11.507s] INFO:colcon.colcon_core.shell:Creating package script '/home/nvidia/Desktop/Serial_ros2_ws/install/serial_light_py/share/serial_light_py/package.zsh'
[11.521s] Level 1:colcon.colcon_core.environment:create_file_with_runtime_dependencies(/home/nvidia/Desktop/Serial_ros2_ws/install/serial_light_py/share/colcon-core/packages/serial_light_py)
[11.523s] DEBUG:colcon.colcon_parallel_executor.executor.parallel:closing loop
[11.526s] DEBUG:colcon.colcon_parallel_executor.executor.parallel:loop closed
[11.528s] DEBUG:colcon.colcon_parallel_executor.executor.parallel:run_until_complete finished with '0'
[11.528s] DEBUG:colcon.colcon_core.event_reactor:joining thread
[11.589s] INFO:colcon.colcon_core.plugin_system:Skipping extension 'colcon_notification.desktop_notification.terminal_notifier': Not used on non-Darwin systems
[11.590s] INFO:colcon.colcon_core.plugin_system:Skipping extension 'colcon_notification.desktop_notification.win32': Not used on non-Windows systems
[11.590s] INFO:colcon.colcon_notification.desktop_notification:Sending desktop notification using 'notify2'
[11.780s] DEBUG:colcon.colcon_core.event_reactor:joined thread
[11.793s] INFO:colcon.colcon_core.shell:Creating prefix script '/home/nvidia/Desktop/Serial_ros2_ws/install/local_setup.ps1'
[11.799s] INFO:colcon.colcon_core.shell:Creating prefix util module '/home/nvidia/Desktop/Serial_ros2_ws/install/_local_setup_util_ps1.py'
[11.806s] INFO:colcon.colcon_core.shell:Creating prefix chain script '/home/nvidia/Desktop/Serial_ros2_ws/install/setup.ps1'
[11.821s] INFO:colcon.colcon_core.shell:Creating prefix script '/home/nvidia/Desktop/Serial_ros2_ws/install/local_setup.sh'
[11.823s] INFO:colcon.colcon_core.shell:Creating prefix util module '/home/nvidia/Desktop/Serial_ros2_ws/install/_local_setup_util_sh.py'
[11.825s] INFO:colcon.colcon_core.shell:Creating prefix chain script '/home/nvidia/Desktop/Serial_ros2_ws/install/setup.sh'
[11.839s] INFO:colcon.colcon_core.shell:Creating prefix script '/home/nvidia/Desktop/Serial_ros2_ws/install/local_setup.bash'
[11.841s] INFO:colcon.colcon_core.shell:Creating prefix chain script '/home/nvidia/Desktop/Serial_ros2_ws/install/setup.bash'
[11.855s] INFO:colcon.colcon_core.shell:Creating prefix script '/home/nvidia/Desktop/Serial_ros2_ws/install/local_setup.zsh'
[11.857s] INFO:colcon.colcon_core.shell:Creating prefix chain script '/home/nvidia/Desktop/Serial_ros2_ws/install/setup.zsh'
