[3.503s] Invoking command in '/home/nvidia/Desktop/Serial_ros2_ws/src/serial_light_py': PYTHONPATH=/home/nvidia/Desktop/Serial_ros2_ws/install/serial_light_py/lib/python3.6/site-packages:${PYTHONPATH} /usr/bin/python3 setup.py egg_info --egg-base ../../build/serial_light_py build --build-base /home/nvidia/Desktop/Serial_ros2_ws/build/serial_light_py/build install --prefix /home/nvidia/Desktop/Serial_ros2_ws/install/serial_light_py --record /home/nvidia/Desktop/Serial_ros2_ws/build/serial_light_py/install.log --single-version-externally-managed
[6.669s] running egg_info
[6.679s] writing ../../build/serial_light_py/serial_light_py.egg-info/PKG-INFO
[6.682s] writing dependency_links to ../../build/serial_light_py/serial_light_py.egg-info/dependency_links.txt
[6.685s] writing entry points to ../../build/serial_light_py/serial_light_py.egg-info/entry_points.txt
[6.687s] writing requirements to ../../build/serial_light_py/serial_light_py.egg-info/requires.txt
[6.689s] writing top-level names to ../../build/serial_light_py/serial_light_py.egg-info/top_level.txt
[7.095s] reading manifest file '../../build/serial_light_py/serial_light_py.egg-info/SOURCES.txt'
[7.111s] writing manifest file '../../build/serial_light_py/serial_light_py.egg-info/SOURCES.txt'
[7.114s] running build
[7.116s] running build_py
[7.119s] running install
[7.120s] running install_lib
[7.125s] running install_data
[7.130s] running install_egg_info
[7.143s] removing '/home/nvidia/Desktop/Serial_ros2_ws/install/serial_light_py/lib/python3.6/site-packages/serial_light_py-0.0.0-py3.6.egg-info' (and everything under it)
[7.146s] Copying ../../build/serial_light_py/serial_light_py.egg-info to /home/nvidia/Desktop/Serial_ros2_ws/install/serial_light_py/lib/python3.6/site-packages/serial_light_py-0.0.0-py3.6.egg-info
[7.153s] running install_scripts
[7.294s] Installing py_pub_data script to /home/nvidia/Desktop/Serial_ros2_ws/install/serial_light_py/lib/serial_light_py
[7.296s] Installing py_sub_data script to /home/nvidia/Desktop/Serial_ros2_ws/install/serial_light_py/lib/serial_light_py
[7.299s] writing list of installed files to '/home/nvidia/Desktop/Serial_ros2_ws/build/serial_light_py/install.log'
[7.428s] Invoked command in '/home/nvidia/Desktop/Serial_ros2_ws/src/serial_light_py' returned '0': PYTHONPATH=/home/nvidia/Desktop/Serial_ros2_ws/install/serial_light_py/lib/python3.6/site-packages:${PYTHONPATH} /usr/bin/python3 setup.py egg_info --egg-base ../../build/serial_light_py build --build-base /home/nvidia/Desktop/Serial_ros2_ws/build/serial_light_py/build install --prefix /home/nvidia/Desktop/Serial_ros2_ws/install/serial_light_py --record /home/nvidia/Desktop/Serial_ros2_ws/build/serial_light_py/install.log --single-version-externally-managed
